2025-04-26 11:34:08,083 - INFO - 로드된 노선 수: 399개
2025-04-26 11:34:08,084 - INFO - 
======= 1회차 수집 시작 =======
2025-04-26 11:35:24,797 - INFO - 로드된 노선 수: 399개
2025-04-26 11:35:24,798 - INFO - 
======= 1회차 수집 시작 =======
2025-04-26 11:37:04,192 - INFO - 로드된 노선 수: 399개
2025-04-26 11:37:04,193 - INFO - 
======= 1회차 수집 시작 =======
2025-04-26 11:37:19,433 - INFO - ✅ 데이터 749건 수집 완료. DB 저장 중...
2025-04-26 11:37:19,772 - INFO - ✅ 749건 저장 완료
2025-04-26 11:37:19,773 - WARNING - ⚠️ 수집 실패한 노선 수: 269개
2025-04-26 11:37:19,774 - INFO - 🕒 총 소요 시간: 15.58초
2025-04-26 11:38:19,789 - INFO - 
======= 2회차 수집 시작 =======
2025-04-26 11:38:34,836 - INFO - ✅ 데이터 848건 수집 완료. DB 저장 중...
2025-04-26 11:38:34,997 - INFO - ✅ 848건 저장 완료
2025-04-26 11:38:34,998 - WARNING - ⚠️ 수집 실패한 노선 수: 264개
2025-04-26 11:38:35,000 - INFO - 🕒 총 소요 시간: 15.21초
2025-04-26 11:39:35,003 - INFO - 
======= 3회차 수집 시작 =======
2025-04-26 11:39:50,084 - INFO - ✅ 데이터 797건 수집 완료. DB 저장 중...
2025-04-26 11:39:50,230 - INFO - ✅ 797건 저장 완료
2025-04-26 11:39:50,231 - WARNING - ⚠️ 수집 실패한 노선 수: 260개
2025-04-26 11:39:50,232 - INFO - 🕒 총 소요 시간: 15.23초
