2025-04-29 20:06:33,820 [ERROR] \u26a0\ufe0f 잘못된 XML 응답 - route_id=200000283, 응답: {"response":{"comMsgHeader":""}}
2025-04-29 20:06:33,834 [ERROR] Unexpected busLocationList type for route_id 200000308: <class 'collections.OrderedDict'>
2025-04-29 20:06:33,835 [ERROR] \u26a0\ufe0f 잘못된 XML 응답 - route_id=216000096, 응답: {"response":{"comMsgHeader":"","msgHeader":{"queryTime":"2025-04-29 20:06:37.772","resultCode":4,"re
2025-04-29 20:06:33,852 [ERROR] \u26a0\ufe0f 잘못된 XML 응답 - route_id=216000104, 응답: <OpenAPI_ServiceResponse>
	<cmmMsgHeader>
		<errMsg>SERVICE ERROR</errMsg>
		<returnAuthMsg>LIMITED_
2025-04-29 20:06:33,853 [ERROR] \u26a0\ufe0f 잘못된 XML 응답 - route_id=218000112, 응답: <OpenAPI_ServiceResponse>
	<cmmMsgHeader>
		<errMsg>SERVICE ERROR</errMsg>
		<returnAuthMsg>LIMITED_
2025-04-29 20:06:33,853 [ERROR] \u26a0\ufe0f 잘못된 XML 응답 - route_id=200000307, 응답: {"response":{"comMsgHeader":""}}
2025-04-29 20:06:33,875 [ERROR] \u26a0\ufe0f 잘못된 XML 응답 - route_id=200000297, 응답: {"response":{"comMsgHeader":"","msgHeader":{"queryTime":"2025-04-29 20:06:37.788","resultCode":4,"re
2025-04-29 20:06:33,875 [ERROR] \u26a0\ufe0f 잘못된 XML 응답 - route_id=204000024, 응답: <OpenAPI_ServiceResponse>
	<cmmMsgHeader>
		<errMsg>SERVICE ERROR</errMsg>
		<returnAuthMsg>LIMITED_
2025-04-29 20:06:33,875 [ERROR] \u26a0\ufe0f 잘못된 XML 응답 - route_id=216000107, 응답: <OpenAPI_ServiceResponse>
	<cmmMsgHeader>
		<errMsg>SERVICE ERROR</errMsg>
		<returnAuthMsg>LIMITED_
2025-04-29 20:06:33,876 [ERROR] \u26a0\ufe0f 잘못된 XML 응답 - route_id=200000327, 응답: <OpenAPI_ServiceResponse>
	<cmmMsgHeader>
		<errMsg>SERVICE ERROR</errMsg>
		<returnAuthMsg>LIMITED_
2025-04-29 20:06:33,876 [ERROR] \u26a0\ufe0f 잘못된 XML 응답 - route_id=218000010, 응답: <OpenAPI_ServiceResponse>
	<cmmMsgHeader>
		<errMsg>SERVICE ERROR</errMsg>
		<returnAuthMsg>LIMITED_
2025-04-29 20:06:33,876 [ERROR] \u26a0\ufe0f 잘못된 XML 응답 - route_id=218000007, 응답: <OpenAPI_ServiceResponse>
	<cmmMsgHeader>
		<errMsg>SERVICE ERROR</errMsg>
		<returnAuthMsg>LIMITED_
2025-04-29 20:06:33,876 [ERROR] \u26a0\ufe0f 잘못된 XML 응답 - route_id=217000014, 응답: <OpenAPI_ServiceResponse>
	<cmmMsgHeader>
		<errMsg>SERVICE ERROR</errMsg>
		<returnAuthMsg>LIMITED_
2025-04-29 20:06:33,876 [ERROR] \u26a0\ufe0f 잘못된 XML 응답 - route_id=200000328, 응답: <OpenAPI_ServiceResponse>
	<cmmMsgHeader>
		<errMsg>SERVICE ERROR</errMsg>
		<returnAuthMsg>LIMITED_
2025-04-29 20:06:33,879 [ERROR] \u26a0\ufe0f 잘못된 XML 응답 - route_id=204000149, 응답: <OpenAPI_ServiceResponse>
	<cmmMsgHeader>
		<errMsg>SERVICE ERROR</errMsg>
		<returnAuthMsg>LIMITED_
2025-04-29 20:06:33,882 [ERROR] \u26a0\ufe0f 잘못된 XML 응답 - route_id=204000172, 응답: <OpenAPI_ServiceResponse>
	<cmmMsgHeader>
		<errMsg>SERVICE ERROR</errMsg>
		<returnAuthMsg>LIMITED_
2025-04-29 20:06:33,882 [ERROR] \u26a0\ufe0f 잘못된 XML 응답 - route_id=204000150, 응답: <OpenAPI_ServiceResponse>
	<cmmMsgHeader>
		<errMsg>SERVICE ERROR</errMsg>
		<returnAuthMsg>LIMITED_
2025-04-29 20:06:33,883 [ERROR] \u26a0\ufe0f 잘못된 XML 응답 - route_id=204000152, 응답: <OpenAPI_ServiceResponse>
	<cmmMsgHeader>
		<errMsg>SERVICE ERROR</errMsg>
		<returnAuthMsg>LIMITED_
2025-04-29 20:06:33,883 [ERROR] \u26a0\ufe0f 잘못된 XML 응답 - route_id=204000056, 응답: <OpenAPI_ServiceResponse>
	<cmmMsgHeader>
		<errMsg>SERVICE ERROR</errMsg>
		<returnAuthMsg>LIMITED_
2025-04-29 20:06:33,883 [ERROR] \u26a0\ufe0f 잘못된 XML 응답 - route_id=204000046, 응답: <OpenAPI_ServiceResponse>
	<cmmMsgHeader>
		<errMsg>SERVICE ERROR</errMsg>
		<returnAuthMsg>LIMITED_
2025-04-29 20:06:33,899 [ERROR] \u26a0\ufe0f 잘못된 XML 응답 - route_id=200000109, 응답: <OpenAPI_ServiceResponse>
	<cmmMsgHeader>
		<errMsg>SERVICE ERROR</errMsg>
		<returnAuthMsg>LIMITED_
2025-04-29 20:06:33,899 [ERROR] \u26a0\ufe0f 잘못된 XML 응답 - route_id=204000156, 응답: <OpenAPI_ServiceResponse>
	<cmmMsgHeader>
		<errMsg>SERVICE ERROR</errMsg>
		<returnAuthMsg>LIMITED_
2025-04-29 20:06:33,900 [ERROR] \u26a0\ufe0f 잘못된 XML 응답 - route_id=213000019, 응답: <OpenAPI_ServiceResponse>
	<cmmMsgHeader>
		<errMsg>SERVICE ERROR</errMsg>
		<returnAuthMsg>LIMITED_
2025-04-29 20:06:33,902 [ERROR] \u26a0\ufe0f 잘못된 XML 응답 - route_id=207000109, 응답: <OpenAPI_ServiceResponse>
	<cmmMsgHeader>
		<errMsg>SERVICE ERROR</errMsg>
		<returnAuthMsg>LIMITED_
2025-04-29 20:06:33,903 [ERROR] \u26a0\ufe0f 잘못된 XML 응답 - route_id=207000105, 응답: <OpenAPI_ServiceResponse>
	<cmmMsgHeader>
		<errMsg>SERVICE ERROR</errMsg>
		<returnAuthMsg>LIMITED_
2025-04-29 20:06:33,903 [ERROR] \u26a0\ufe0f 잘못된 XML 응답 - route_id=200000110, 응답: <OpenAPI_ServiceResponse>
	<cmmMsgHeader>
		<errMsg>SERVICE ERROR</errMsg>
		<returnAuthMsg>LIMITED_
2025-04-29 20:06:33,904 [ERROR] \u26a0\ufe0f 잘못된 XML 응답 - route_id=204000141, 응답: <OpenAPI_ServiceResponse>
	<cmmMsgHeader>
		<errMsg>SERVICE ERROR</errMsg>
		<returnAuthMsg>LIMITED_
2025-04-29 20:06:33,904 [ERROR] \u26a0\ufe0f 잘못된 XML 응답 - route_id=200000120, 응답: <OpenAPI_ServiceResponse>
	<cmmMsgHeader>
		<errMsg>SERVICE ERROR</errMsg>
		<returnAuthMsg>LIMITED_
2025-04-29 20:06:33,904 [ERROR] \u26a0\ufe0f 잘못된 XML 응답 - route_id=204000065, 응답: <OpenAPI_ServiceResponse>
	<cmmMsgHeader>
		<errMsg>SERVICE ERROR</errMsg>
		<returnAuthMsg>LIMITED_
2025-04-29 20:06:33,905 [ERROR] \u26a0\ufe0f 잘못된 XML 응답 - route_id=204000082, 응답: <OpenAPI_ServiceResponse>
	<cmmMsgHeader>
		<errMsg>SERVICE ERROR</errMsg>
		<returnAuthMsg>LIMITED_
2025-04-29 20:06:33,905 [ERROR] \u26a0\ufe0f 잘못된 XML 응답 - route_id=208000063, 응답: <OpenAPI_ServiceResponse>
	<cmmMsgHeader>
		<errMsg>SERVICE ERROR</errMsg>
		<returnAuthMsg>LIMITED_
2025-04-29 20:06:33,905 [ERROR] \u26a0\ufe0f 잘못된 XML 응답 - route_id=219000016, 응답: <OpenAPI_ServiceResponse>
	<cmmMsgHeader>
		<errMsg>SERVICE ERROR</errMsg>
		<returnAuthMsg>LIMITED_
2025-04-29 20:06:33,905 [ERROR] \u26a0\ufe0f 잘못된 XML 응답 - route_id=200000104, 응답: <OpenAPI_ServiceResponse>
	<cmmMsgHeader>
		<errMsg>SERVICE ERROR</errMsg>
		<returnAuthMsg>LIMITED_
2025-04-29 20:06:33,905 [ERROR] \u26a0\ufe0f 잘못된 XML 응답 - route_id=204000057, 응답: <OpenAPI_ServiceResponse>
	<cmmMsgHeader>
		<errMsg>SERVICE ERROR</errMsg>
		<returnAuthMsg>LIMITED_
2025-04-29 20:06:33,906 [ERROR] \u26a0\ufe0f 잘못된 XML 응답 - route_id=204000081, 응답: <OpenAPI_ServiceResponse>
	<cmmMsgHeader>
		<errMsg>SERVICE ERROR</errMsg>
		<returnAuthMsg>LIMITED_
2025-04-29 20:06:33,906 [ERROR] \u26a0\ufe0f 잘못된 XML 응답 - route_id=218000151, 응답: <OpenAPI_ServiceResponse>
	<cmmMsgHeader>
		<errMsg>SERVICE ERROR</errMsg>
		<returnAuthMsg>LIMITED_
2025-04-29 20:06:33,906 [ERROR] \u26a0\ufe0f 잘못된 XML 응답 - route_id=207000070, 응답: <OpenAPI_ServiceResponse>
	<cmmMsgHeader>
		<errMsg>SERVICE ERROR</errMsg>
		<returnAuthMsg>LIMITED_
2025-04-29 20:06:33,907 [ERROR] \u26a0\ufe0f 잘못된 XML 응답 - route_id=207000104, 응답: <OpenAPI_ServiceResponse>
	<cmmMsgHeader>
		<errMsg>SERVICE ERROR</errMsg>
		<returnAuthMsg>LIMITED_
2025-04-29 20:06:33,907 [ERROR] \u26a0\ufe0f 잘못된 XML 응답 - route_id=218000011, 응답: <OpenAPI_ServiceResponse>
	<cmmMsgHeader>
		<errMsg>SERVICE ERROR</errMsg>
		<returnAuthMsg>LIMITED_
2025-04-29 20:06:33,907 [ERROR] \u26a0\ufe0f 잘못된 XML 응답 - route_id=207000102, 응답: <OpenAPI_ServiceResponse>
	<cmmMsgHeader>
		<errMsg>SERVICE ERROR</errMsg>
		<returnAuthMsg>LIMITED_
2025-04-29 20:06:33,907 [ERROR] \u26a0\ufe0f 잘못된 XML 응답 - route_id=206000007, 응답: <OpenAPI_ServiceResponse>
	<cmmMsgHeader>
		<errMsg>SERVICE ERROR</errMsg>
		<returnAuthMsg>LIMITED_
2025-04-29 20:06:33,912 [ERROR] \u26a0\ufe0f 잘못된 XML 응답 - route_id=204000178, 응답: <OpenAPI_ServiceResponse>
	<cmmMsgHeader>
		<errMsg>SERVICE ERROR</errMsg>
		<returnAuthMsg>LIMITED_
2025-04-29 20:06:33,912 [ERROR] \u26a0\ufe0f 잘못된 XML 응답 - route_id=208000068, 응답: <OpenAPI_ServiceResponse>
	<cmmMsgHeader>
		<errMsg>SERVICE ERROR</errMsg>
		<returnAuthMsg>LIMITED_
2025-04-29 20:06:33,912 [ERROR] \u26a0\ufe0f 잘못된 XML 응답 - route_id=219000026, 응답: <OpenAPI_ServiceResponse>
	<cmmMsgHeader>
		<errMsg>SERVICE ERROR</errMsg>
		<returnAuthMsg>LIMITED_
2025-04-29 20:06:33,913 [ERROR] \u26a0\ufe0f 잘못된 XML 응답 - route_id=210000108, 응답: <OpenAPI_ServiceResponse>
	<cmmMsgHeader>
		<errMsg>SERVICE ERROR</errMsg>
		<returnAuthMsg>LIMITED_
2025-04-29 20:06:33,913 [ERROR] \u26a0\ufe0f 잘못된 XML 응답 - route_id=200000119, 응답: <OpenAPI_ServiceResponse>
	<cmmMsgHeader>
		<errMsg>SERVICE ERROR</errMsg>
		<returnAuthMsg>LIMITED_
2025-04-29 20:06:33,913 [ERROR] \u26a0\ufe0f 잘못된 XML 응답 - route_id=200000015, 응답: <OpenAPI_ServiceResponse>
	<cmmMsgHeader>
		<errMsg>SERVICE ERROR</errMsg>
		<returnAuthMsg>LIMITED_
2025-04-29 20:06:33,913 [ERROR] \u26a0\ufe0f 잘못된 XML 응답 - route_id=200000193, 응답: <OpenAPI_ServiceResponse>
	<cmmMsgHeader>
		<errMsg>SERVICE ERROR</errMsg>
		<returnAuthMsg>LIMITED_
2025-04-29 20:06:33,915 [ERROR] \u26a0\ufe0f 잘못된 XML 응답 - route_id=200000145, 응답: <OpenAPI_ServiceResponse>
	<cmmMsgHeader>
		<errMsg>SERVICE ERROR</errMsg>
		<returnAuthMsg>LIMITED_
2025-04-29 20:06:33,916 [ERROR] \u26a0\ufe0f 잘못된 XML 응답 - route_id=200000108, 응답: <OpenAPI_ServiceResponse>
	<cmmMsgHeader>
		<errMsg>SERVICE ERROR</errMsg>
		<returnAuthMsg>LIMITED_
2025-04-29 20:06:33,916 [ERROR] \u26a0\ufe0f 잘못된 XML 응답 - route_id=200000150, 응답: <OpenAPI_ServiceResponse>
	<cmmMsgHeader>
		<errMsg>SERVICE ERROR</errMsg>
		<returnAuthMsg>LIMITED_
2025-04-29 20:06:33,917 [ERROR] \u26a0\ufe0f 잘못된 XML 응답 - route_id=208000066, 응답: <OpenAPI_ServiceResponse>
	<cmmMsgHeader>
		<errMsg>SERVICE ERROR</errMsg>
		<returnAuthMsg>LIMITED_
2025-04-29 20:06:33,918 [ERROR] \u26a0\ufe0f 잘못된 XML 응답 - route_id=200000115, 응답: <OpenAPI_ServiceResponse>
	<cmmMsgHeader>
		<errMsg>SERVICE ERROR</errMsg>
		<returnAuthMsg>LIMITED_
2025-04-29 20:06:33,918 [ERROR] \u26a0\ufe0f 잘못된 XML 응답 - route_id=200000149, 응답: <OpenAPI_ServiceResponse>
	<cmmMsgHeader>
		<errMsg>SERVICE ERROR</errMsg>
		<returnAuthMsg>LIMITED_
2025-04-29 20:06:33,918 [ERROR] \u26a0\ufe0f 잘못된 XML 응답 - route_id=218000164, 응답: <OpenAPI_ServiceResponse>
	<cmmMsgHeader>
		<errMsg>SERVICE ERROR</errMsg>
		<returnAuthMsg>LIMITED_
2025-04-29 20:06:33,918 [ERROR] \u26a0\ufe0f 잘못된 XML 응답 - route_id=218000155, 응답: <OpenAPI_ServiceResponse>
	<cmmMsgHeader>
		<errMsg>SERVICE ERROR</errMsg>
		<returnAuthMsg>LIMITED_
2025-04-29 20:06:33,918 [ERROR] \u26a0\ufe0f 잘못된 XML 응답 - route_id=219000006, 응답: <OpenAPI_ServiceResponse>
	<cmmMsgHeader>
		<errMsg>SERVICE ERROR</errMsg>
		<returnAuthMsg>LIMITED_
2025-04-29 20:06:33,919 [ERROR] \u26a0\ufe0f 잘못된 XML 응답 - route_id=221000033, 응답: <OpenAPI_ServiceResponse>
	<cmmMsgHeader>
		<errMsg>SERVICE ERROR</errMsg>
		<returnAuthMsg>LIMITED_
2025-04-29 20:06:33,919 [ERROR] \u26a0\ufe0f 잘못된 XML 응답 - route_id=221000003, 응답: <OpenAPI_ServiceResponse>
	<cmmMsgHeader>
		<errMsg>SERVICE ERROR</errMsg>
		<returnAuthMsg>LIMITED_
2025-04-29 20:06:33,919 [ERROR] \u26a0\ufe0f 잘못된 XML 응답 - route_id=207000106, 응답: <OpenAPI_ServiceResponse>
	<cmmMsgHeader>
		<errMsg>SERVICE ERROR</errMsg>
		<returnAuthMsg>LIMITED_
2025-04-29 20:06:33,919 [ERROR] \u26a0\ufe0f 잘못된 XML 응답 - route_id=219000027, 응답: <OpenAPI_ServiceResponse>
	<cmmMsgHeader>
		<errMsg>SERVICE ERROR</errMsg>
		<returnAuthMsg>LIMITED_
2025-04-29 20:06:33,919 [ERROR] \u26a0\ufe0f 잘못된 XML 응답 - route_id=222000046, 응답: <OpenAPI_ServiceResponse>
	<cmmMsgHeader>
		<errMsg>SERVICE ERROR</errMsg>
		<returnAuthMsg>LIMITED_
2025-04-29 20:06:33,920 [ERROR] \u26a0\ufe0f 잘못된 XML 응답 - route_id=221000035, 응답: <OpenAPI_ServiceResponse>
	<cmmMsgHeader>
		<errMsg>SERVICE ERROR</errMsg>
		<returnAuthMsg>LIMITED_
2025-04-29 20:06:33,920 [ERROR] \u26a0\ufe0f 잘못된 XML 응답 - route_id=222000049, 응답: <OpenAPI_ServiceResponse>
	<cmmMsgHeader>
		<errMsg>SERVICE ERROR</errMsg>
		<returnAuthMsg>LIMITED_
2025-04-29 20:06:33,962 [ERROR] \u26a0\ufe0f 잘못된 XML 응답 - route_id=222000074, 응답: <OpenAPI_ServiceResponse>
	<cmmMsgHeader>
		<errMsg>SERVICE ERROR</errMsg>
		<returnAuthMsg>LIMITED_
2025-04-29 20:06:33,963 [ERROR] \u26a0\ufe0f 잘못된 XML 응답 - route_id=222000122, 응답: <OpenAPI_ServiceResponse>
	<cmmMsgHeader>
		<errMsg>SERVICE ERROR</errMsg>
		<returnAuthMsg>LIMITED_
2025-04-29 20:06:33,963 [ERROR] \u26a0\ufe0f 잘못된 XML 응답 - route_id=222000090, 응답: <OpenAPI_ServiceResponse>
	<cmmMsgHeader>
		<errMsg>SERVICE ERROR</errMsg>
		<returnAuthMsg>LIMITED_
2025-04-29 20:06:33,966 [ERROR] \u26a0\ufe0f 잘못된 XML 응답 - route_id=222000179, 응답: <OpenAPI_ServiceResponse>
	<cmmMsgHeader>
		<errMsg>SERVICE ERROR</errMsg>
		<returnAuthMsg>LIMITED_
2025-04-29 20:06:33,966 [ERROR] \u26a0\ufe0f 잘못된 XML 응답 - route_id=222000169, 응답: <OpenAPI_ServiceResponse>
	<cmmMsgHeader>
		<errMsg>SERVICE ERROR</errMsg>
		<returnAuthMsg>LIMITED_
2025-04-29 20:06:33,968 [ERROR] \u26a0\ufe0f 잘못된 XML 응답 - route_id=222000177, 응답: <OpenAPI_ServiceResponse>
	<cmmMsgHeader>
		<errMsg>SERVICE ERROR</errMsg>
		<returnAuthMsg>LIMITED_
2025-04-29 20:06:33,970 [ERROR] \u26a0\ufe0f 잘못된 XML 응답 - route_id=222000078, 응답: <OpenAPI_ServiceResponse>
	<cmmMsgHeader>
		<errMsg>SERVICE ERROR</errMsg>
		<returnAuthMsg>LIMITED_
2025-04-29 20:06:33,970 [ERROR] \u26a0\ufe0f 잘못된 XML 응답 - route_id=222000137, 응답: <OpenAPI_ServiceResponse>
	<cmmMsgHeader>
		<errMsg>SERVICE ERROR</errMsg>
		<returnAuthMsg>LIMITED_
2025-04-29 20:06:33,970 [ERROR] \u26a0\ufe0f 잘못된 XML 응답 - route_id=222000105, 응답: <OpenAPI_ServiceResponse>
	<cmmMsgHeader>
		<errMsg>SERVICE ERROR</errMsg>
		<returnAuthMsg>LIMITED_
2025-04-29 20:06:33,971 [ERROR] \u26a0\ufe0f 잘못된 XML 응답 - route_id=222000186, 응답: <OpenAPI_ServiceResponse>
	<cmmMsgHeader>
		<errMsg>SERVICE ERROR</errMsg>
		<returnAuthMsg>LIMITED_
2025-04-29 20:06:33,971 [ERROR] \u26a0\ufe0f 잘못된 XML 응답 - route_id=222000192, 응답: <OpenAPI_ServiceResponse>
	<cmmMsgHeader>
		<errMsg>SERVICE ERROR</errMsg>
		<returnAuthMsg>LIMITED_
2025-04-29 20:06:33,971 [ERROR] \u26a0\ufe0f 잘못된 XML 응답 - route_id=222000210, 응답: <OpenAPI_ServiceResponse>
	<cmmMsgHeader>
		<errMsg>SERVICE ERROR</errMsg>
		<returnAuthMsg>LIMITED_
2025-04-29 20:06:33,971 [ERROR] \u26a0\ufe0f 잘못된 XML 응답 - route_id=223000149, 응답: <OpenAPI_ServiceResponse>
	<cmmMsgHeader>
		<errMsg>SERVICE ERROR</errMsg>
		<returnAuthMsg>LIMITED_
2025-04-29 20:06:33,971 [ERROR] \u26a0\ufe0f 잘못된 XML 응답 - route_id=223000127, 응답: <OpenAPI_ServiceResponse>
	<cmmMsgHeader>
		<errMsg>SERVICE ERROR</errMsg>
		<returnAuthMsg>LIMITED_
2025-04-29 20:06:33,971 [ERROR] \u26a0\ufe0f 잘못된 XML 응답 - route_id=222000209, 응답: <OpenAPI_ServiceResponse>
	<cmmMsgHeader>
		<errMsg>SERVICE ERROR</errMsg>
		<returnAuthMsg>LIMITED_
2025-04-29 20:06:33,972 [ERROR] \u26a0\ufe0f 잘못된 XML 응답 - route_id=224000047, 응답: <OpenAPI_ServiceResponse>
	<cmmMsgHeader>
		<errMsg>SERVICE ERROR</errMsg>
		<returnAuthMsg>LIMITED_
2025-04-29 20:06:33,972 [ERROR] \u26a0\ufe0f 잘못된 XML 응답 - route_id=224000061, 응답: <OpenAPI_ServiceResponse>
	<cmmMsgHeader>
		<errMsg>SERVICE ERROR</errMsg>
		<returnAuthMsg>LIMITED_
2025-04-29 20:06:33,972 [ERROR] \u26a0\ufe0f 잘못된 XML 응답 - route_id=224000050, 응답: <OpenAPI_ServiceResponse>
	<cmmMsgHeader>
		<errMsg>SERVICE ERROR</errMsg>
		<returnAuthMsg>LIMITED_
2025-04-29 20:06:33,972 [ERROR] \u26a0\ufe0f 잘못된 XML 응답 - route_id=224000067, 응답: <OpenAPI_ServiceResponse>
	<cmmMsgHeader>
		<errMsg>SERVICE ERROR</errMsg>
		<returnAuthMsg>LIMITED_
2025-04-29 20:06:33,972 [ERROR] \u26a0\ufe0f 잘못된 XML 응답 - route_id=224000056, 응답: <OpenAPI_ServiceResponse>
	<cmmMsgHeader>
		<errMsg>SERVICE ERROR</errMsg>
		<returnAuthMsg>LIMITED_
2025-04-29 20:06:33,972 [ERROR] \u26a0\ufe0f 잘못된 XML 응답 - route_id=224000057, 응답: <OpenAPI_ServiceResponse>
	<cmmMsgHeader>
		<errMsg>SERVICE ERROR</errMsg>
		<returnAuthMsg>LIMITED_
2025-04-29 20:06:33,972 [ERROR] \u26a0\ufe0f 잘못된 XML 응답 - route_id=224000069, 응답: <OpenAPI_ServiceResponse>
	<cmmMsgHeader>
		<errMsg>SERVICE ERROR</errMsg>
		<returnAuthMsg>LIMITED_
2025-04-29 20:06:33,973 [ERROR] \u26a0\ufe0f 잘못된 XML 응답 - route_id=222000084, 응답: <OpenAPI_ServiceResponse>
	<cmmMsgHeader>
		<errMsg>SERVICE ERROR</errMsg>
		<returnAuthMsg>LIMITED_
2025-04-29 20:06:33,973 [ERROR] \u26a0\ufe0f 잘못된 XML 응답 - route_id=222000073, 응답: <OpenAPI_ServiceResponse>
	<cmmMsgHeader>
		<errMsg>SERVICE ERROR</errMsg>
		<returnAuthMsg>LIMITED_
2025-04-29 20:06:33,973 [ERROR] \u26a0\ufe0f 잘못된 XML 응답 - route_id=222000076, 응답: <OpenAPI_ServiceResponse>
	<cmmMsgHeader>
		<errMsg>SERVICE ERROR</errMsg>
		<returnAuthMsg>LIMITED_
2025-04-29 20:06:33,973 [ERROR] \u26a0\ufe0f 잘못된 XML 응답 - route_id=222000107, 응답: <OpenAPI_ServiceResponse>
	<cmmMsgHeader>
		<errMsg>SERVICE ERROR</errMsg>
		<returnAuthMsg>LIMITED_
2025-04-29 20:06:33,973 [ERROR] \u26a0\ufe0f 잘못된 XML 응답 - route_id=222000075, 응답: <OpenAPI_ServiceResponse>
	<cmmMsgHeader>
		<errMsg>SERVICE ERROR</errMsg>
		<returnAuthMsg>LIMITED_
2025-04-29 20:06:33,973 [ERROR] \u26a0\ufe0f 잘못된 XML 응답 - route_id=225000013, 응답: <OpenAPI_ServiceResponse>
	<cmmMsgHeader>
		<errMsg>SERVICE ERROR</errMsg>
		<returnAuthMsg>LIMITED_
2025-04-29 20:06:33,981 [ERROR] \u26a0\ufe0f 잘못된 XML 응답 - route_id=224000064, 응답: <OpenAPI_ServiceResponse>
	<cmmMsgHeader>
		<errMsg>SERVICE ERROR</errMsg>
		<returnAuthMsg>LIMITED_
2025-04-29 20:06:33,981 [ERROR] \u26a0\ufe0f 잘못된 XML 응답 - route_id=224000068, 응답: <OpenAPI_ServiceResponse>
	<cmmMsgHeader>
		<errMsg>SERVICE ERROR</errMsg>
		<returnAuthMsg>LIMITED_
2025-04-29 20:06:33,982 [ERROR] \u26a0\ufe0f 잘못된 XML 응답 - route_id=225000014, 응답: <OpenAPI_ServiceResponse>
	<cmmMsgHeader>
		<errMsg>SERVICE ERROR</errMsg>
		<returnAuthMsg>LIMITED_
2025-04-29 20:06:33,982 [ERROR] \u26a0\ufe0f 잘못된 XML 응답 - route_id=227000016, 응답: <OpenAPI_ServiceResponse>
	<cmmMsgHeader>
		<errMsg>SERVICE ERROR</errMsg>
		<returnAuthMsg>LIMITED_
2025-04-29 20:06:33,982 [ERROR] \u26a0\ufe0f 잘못된 XML 응답 - route_id=224000071, 응답: <OpenAPI_ServiceResponse>
	<cmmMsgHeader>
		<errMsg>SERVICE ERROR</errMsg>
		<returnAuthMsg>LIMITED_
2025-04-29 20:06:33,982 [ERROR] \u26a0\ufe0f 잘못된 XML 응답 - route_id=226000022, 응답: <OpenAPI_ServiceResponse>
	<cmmMsgHeader>
		<errMsg>SERVICE ERROR</errMsg>
		<returnAuthMsg>LIMITED_
2025-04-29 20:06:33,982 [ERROR] \u26a0\ufe0f 잘못된 XML 응답 - route_id=227000019, 응답: <OpenAPI_ServiceResponse>
	<cmmMsgHeader>
		<errMsg>SERVICE ERROR</errMsg>
		<returnAuthMsg>LIMITED_
2025-04-29 20:06:33,985 [ERROR] \u26a0\ufe0f 잘못된 XML 응답 - route_id=227000035, 응답: <OpenAPI_ServiceResponse>
	<cmmMsgHeader>
		<errMsg>SERVICE ERROR</errMsg>
		<returnAuthMsg>LIMITED_
2025-04-29 20:06:33,986 [ERROR] \u26a0\ufe0f 잘못된 XML 응답 - route_id=227000038, 응답: <OpenAPI_ServiceResponse>
	<cmmMsgHeader>
		<errMsg>SERVICE ERROR</errMsg>
		<returnAuthMsg>LIMITED_
2025-04-29 20:06:33,986 [ERROR] \u26a0\ufe0f 잘못된 XML 응답 - route_id=227000040, 응답: <OpenAPI_ServiceResponse>
	<cmmMsgHeader>
		<errMsg>SERVICE ERROR</errMsg>
		<returnAuthMsg>LIMITED_
2025-04-29 20:06:33,986 [ERROR] \u26a0\ufe0f 잘못된 XML 응답 - route_id=227000039, 응답: <OpenAPI_ServiceResponse>
	<cmmMsgHeader>
		<errMsg>SERVICE ERROR</errMsg>
		<returnAuthMsg>LIMITED_
2025-04-29 20:06:33,986 [ERROR] \u26a0\ufe0f 잘못된 XML 응답 - route_id=228000271, 응답: <OpenAPI_ServiceResponse>
	<cmmMsgHeader>
		<errMsg>SERVICE ERROR</errMsg>
		<returnAuthMsg>LIMITED_
2025-04-29 20:06:33,987 [ERROR] \u26a0\ufe0f 잘못된 XML 응답 - route_id=228000174, 응답: <OpenAPI_ServiceResponse>
	<cmmMsgHeader>
		<errMsg>SERVICE ERROR</errMsg>
		<returnAuthMsg>LIMITED_
2025-04-29 20:06:33,987 [ERROR] \u26a0\ufe0f 잘못된 XML 응답 - route_id=228000388, 응답: <OpenAPI_ServiceResponse>
	<cmmMsgHeader>
		<errMsg>SERVICE ERROR</errMsg>
		<returnAuthMsg>LIMITED_
2025-04-29 20:06:33,987 [ERROR] \u26a0\ufe0f 잘못된 XML 응답 - route_id=228000175, 응답: <OpenAPI_ServiceResponse>
	<cmmMsgHeader>
		<errMsg>SERVICE ERROR</errMsg>
		<returnAuthMsg>LIMITED_
2025-04-29 20:06:33,987 [ERROR] \u26a0\ufe0f 잘못된 XML 응답 - route_id=228000393, 응답: <OpenAPI_ServiceResponse>
	<cmmMsgHeader>
		<errMsg>SERVICE ERROR</errMsg>
		<returnAuthMsg>LIMITED_
2025-04-29 20:06:33,987 [ERROR] \u26a0\ufe0f 잘못된 XML 응답 - route_id=228000394, 응답: <OpenAPI_ServiceResponse>
	<cmmMsgHeader>
		<errMsg>SERVICE ERROR</errMsg>
		<returnAuthMsg>LIMITED_
2025-04-29 20:06:33,987 [ERROR] \u26a0\ufe0f 잘못된 XML 응답 - route_id=228000262, 응답: <OpenAPI_ServiceResponse>
	<cmmMsgHeader>
		<errMsg>SERVICE ERROR</errMsg>
		<returnAuthMsg>LIMITED_
2025-04-29 20:06:33,987 [ERROR] \u26a0\ufe0f 잘못된 XML 응답 - route_id=228000184, 응답: <OpenAPI_ServiceResponse>
	<cmmMsgHeader>
		<errMsg>SERVICE ERROR</errMsg>
		<returnAuthMsg>LIMITED_
2025-04-29 20:06:33,988 [ERROR] \u26a0\ufe0f 잘못된 XML 응답 - route_id=228000176, 응답: <OpenAPI_ServiceResponse>
	<cmmMsgHeader>
		<errMsg>SERVICE ERROR</errMsg>
		<returnAuthMsg>LIMITED_
2025-04-29 20:06:33,988 [ERROR] \u26a0\ufe0f 잘못된 XML 응답 - route_id=228000177, 응답: <OpenAPI_ServiceResponse>
	<cmmMsgHeader>
		<errMsg>SERVICE ERROR</errMsg>
		<returnAuthMsg>LIMITED_
2025-04-29 20:06:33,988 [ERROR] \u26a0\ufe0f 잘못된 XML 응답 - route_id=228000181, 응답: <OpenAPI_ServiceResponse>
	<cmmMsgHeader>
		<errMsg>SERVICE ERROR</errMsg>
		<returnAuthMsg>LIMITED_
2025-04-29 20:06:33,988 [ERROR] \u26a0\ufe0f 잘못된 XML 응답 - route_id=228000183, 응답: <OpenAPI_ServiceResponse>
	<cmmMsgHeader>
		<errMsg>SERVICE ERROR</errMsg>
		<returnAuthMsg>LIMITED_
2025-04-29 20:06:33,988 [ERROR] \u26a0\ufe0f 잘못된 XML 응답 - route_id=228000263, 응답: <OpenAPI_ServiceResponse>
	<cmmMsgHeader>
		<errMsg>SERVICE ERROR</errMsg>
		<returnAuthMsg>LIMITED_
2025-04-29 20:06:33,988 [ERROR] \u26a0\ufe0f 잘못된 XML 응답 - route_id=224000019, 응답: <OpenAPI_ServiceResponse>
	<cmmMsgHeader>
		<errMsg>SERVICE ERROR</errMsg>
		<returnAuthMsg>LIMITED_
2025-04-29 20:06:33,988 [ERROR] \u26a0\ufe0f 잘못된 XML 응답 - route_id=224000052, 응답: <OpenAPI_ServiceResponse>
	<cmmMsgHeader>
		<errMsg>SERVICE ERROR</errMsg>
		<returnAuthMsg>LIMITED_
2025-04-29 20:06:33,989 [ERROR] \u26a0\ufe0f 잘못된 XML 응답 - route_id=224000054, 응답: <OpenAPI_ServiceResponse>
	<cmmMsgHeader>
		<errMsg>SERVICE ERROR</errMsg>
		<returnAuthMsg>LIMITED_
2025-04-29 20:06:33,989 [ERROR] \u26a0\ufe0f 잘못된 XML 응답 - route_id=222000213, 응답: <OpenAPI_ServiceResponse>
	<cmmMsgHeader>
		<errMsg>SERVICE ERROR</errMsg>
		<returnAuthMsg>LIMITED_
2025-04-29 20:06:33,989 [ERROR] \u26a0\ufe0f 잘못된 XML 응답 - route_id=224000065, 응답: <OpenAPI_ServiceResponse>
	<cmmMsgHeader>
		<errMsg>SERVICE ERROR</errMsg>
		<returnAuthMsg>LIMITED_
2025-04-29 20:06:33,989 [ERROR] \u26a0\ufe0f 잘못된 XML 응답 - route_id=228000182, 응답: <OpenAPI_ServiceResponse>
	<cmmMsgHeader>
		<errMsg>SERVICE ERROR</errMsg>
		<returnAuthMsg>LIMITED_
2025-04-29 20:06:34,024 [ERROR] \u26a0\ufe0f 잘못된 XML 응답 - route_id=228000413, 응답: <OpenAPI_ServiceResponse>
	<cmmMsgHeader>
		<errMsg>SERVICE ERROR</errMsg>
		<returnAuthMsg>LIMITED_
2025-04-29 20:06:34,024 [ERROR] \u26a0\ufe0f 잘못된 XML 응답 - route_id=228000419, 응답: <OpenAPI_ServiceResponse>
	<cmmMsgHeader>
		<errMsg>SERVICE ERROR</errMsg>
		<returnAuthMsg>LIMITED_
2025-04-29 20:06:34,025 [ERROR] \u26a0\ufe0f 잘못된 XML 응답 - route_id=228000442, 응답: <OpenAPI_ServiceResponse>
	<cmmMsgHeader>
		<errMsg>SERVICE ERROR</errMsg>
		<returnAuthMsg>LIMITED_
2025-04-29 20:06:34,025 [ERROR] \u26a0\ufe0f 잘못된 XML 응답 - route_id=228000428, 응답: <OpenAPI_ServiceResponse>
	<cmmMsgHeader>
		<errMsg>SERVICE ERROR</errMsg>
		<returnAuthMsg>LIMITED_
2025-04-29 20:06:34,025 [ERROR] \u26a0\ufe0f 잘못된 XML 응답 - route_id=228000421, 응답: <OpenAPI_ServiceResponse>
	<cmmMsgHeader>
		<errMsg>SERVICE ERROR</errMsg>
		<returnAuthMsg>LIMITED_
2025-04-29 20:06:34,025 [ERROR] \u26a0\ufe0f 잘못된 XML 응답 - route_id=228000395, 응답: <OpenAPI_ServiceResponse>
	<cmmMsgHeader>
		<errMsg>SERVICE ERROR</errMsg>
		<returnAuthMsg>LIMITED_
2025-04-29 20:06:34,026 [ERROR] \u26a0\ufe0f 잘못된 XML 응답 - route_id=228000441, 응답: <OpenAPI_ServiceResponse>
	<cmmMsgHeader>
		<errMsg>SERVICE ERROR</errMsg>
		<returnAuthMsg>LIMITED_
2025-04-29 20:06:34,030 [ERROR] \u26a0\ufe0f 잘못된 XML 응답 - route_id=228000426, 응답: <OpenAPI_ServiceResponse>
	<cmmMsgHeader>
		<errMsg>SERVICE ERROR</errMsg>
		<returnAuthMsg>LIMITED_
2025-04-29 20:06:34,030 [ERROR] \u26a0\ufe0f 잘못된 XML 응답 - route_id=228000399, 응답: <OpenAPI_ServiceResponse>
	<cmmMsgHeader>
		<errMsg>SERVICE ERROR</errMsg>
		<returnAuthMsg>LIMITED_
2025-04-29 20:06:34,031 [ERROR] \u26a0\ufe0f 잘못된 XML 응답 - route_id=228000427, 응답: <OpenAPI_ServiceResponse>
	<cmmMsgHeader>
		<errMsg>SERVICE ERROR</errMsg>
		<returnAuthMsg>LIMITED_
2025-04-29 20:06:34,031 [ERROR] \u26a0\ufe0f 잘못된 XML 응답 - route_id=228000434, 응답: <OpenAPI_ServiceResponse>
	<cmmMsgHeader>
		<errMsg>SERVICE ERROR</errMsg>
		<returnAuthMsg>LIMITED_
2025-04-29 20:06:34,031 [ERROR] \u26a0\ufe0f 잘못된 XML 응답 - route_id=228000420, 응답: <OpenAPI_ServiceResponse>
	<cmmMsgHeader>
		<errMsg>SERVICE ERROR</errMsg>
		<returnAuthMsg>LIMITED_
2025-04-29 20:06:34,031 [ERROR] \u26a0\ufe0f 잘못된 XML 응답 - route_id=228000412, 응답: <OpenAPI_ServiceResponse>
	<cmmMsgHeader>
		<errMsg>SERVICE ERROR</errMsg>
		<returnAuthMsg>LIMITED_
2025-04-29 20:06:34,031 [ERROR] \u26a0\ufe0f 잘못된 XML 응답 - route_id=228000404, 응답: <OpenAPI_ServiceResponse>
	<cmmMsgHeader>
		<errMsg>SERVICE ERROR</errMsg>
		<returnAuthMsg>LIMITED_
2025-04-29 20:06:34,031 [ERROR] \u26a0\ufe0f 잘못된 XML 응답 - route_id=228000422, 응답: <OpenAPI_ServiceResponse>
	<cmmMsgHeader>
		<errMsg>SERVICE ERROR</errMsg>
		<returnAuthMsg>LIMITED_
2025-04-29 20:06:34,031 [ERROR] \u26a0\ufe0f 잘못된 XML 응답 - route_id=228000430, 응답: <OpenAPI_ServiceResponse>
	<cmmMsgHeader>
		<errMsg>SERVICE ERROR</errMsg>
		<returnAuthMsg>LIMITED_
2025-04-29 20:06:34,032 [ERROR] \u26a0\ufe0f 잘못된 XML 응답 - route_id=228000429, 응답: <OpenAPI_ServiceResponse>
	<cmmMsgHeader>
		<errMsg>SERVICE ERROR</errMsg>
		<returnAuthMsg>LIMITED_
2025-04-29 20:06:34,032 [ERROR] \u26a0\ufe0f 잘못된 XML 응답 - route_id=228000405, 응답: <OpenAPI_ServiceResponse>
	<cmmMsgHeader>
		<errMsg>SERVICE ERROR</errMsg>
		<returnAuthMsg>LIMITED_
2025-04-29 20:06:34,032 [ERROR] \u26a0\ufe0f 잘못된 XML 응답 - route_id=228000435, 응답: <OpenAPI_ServiceResponse>
	<cmmMsgHeader>
		<errMsg>SERVICE ERROR</errMsg>
		<returnAuthMsg>LIMITED_
2025-04-29 20:06:34,032 [ERROR] \u26a0\ufe0f 잘못된 XML 응답 - route_id=228000433, 응답: <OpenAPI_ServiceResponse>
	<cmmMsgHeader>
		<errMsg>SERVICE ERROR</errMsg>
		<returnAuthMsg>LIMITED_
2025-04-29 20:06:34,032 [ERROR] \u26a0\ufe0f 잘못된 XML 응답 - route_id=228000424, 응답: <OpenAPI_ServiceResponse>
	<cmmMsgHeader>
		<errMsg>SERVICE ERROR</errMsg>
		<returnAuthMsg>LIMITED_
2025-04-29 20:06:34,032 [ERROR] \u26a0\ufe0f 잘못된 XML 응답 - route_id=229000247, 응답: <OpenAPI_ServiceResponse>
	<cmmMsgHeader>
		<errMsg>SERVICE ERROR</errMsg>
		<returnAuthMsg>LIMITED_
2025-04-29 20:06:34,032 [ERROR] \u26a0\ufe0f 잘못된 XML 응답 - route_id=229000072, 응답: <OpenAPI_ServiceResponse>
	<cmmMsgHeader>
		<errMsg>SERVICE ERROR</errMsg>
		<returnAuthMsg>LIMITED_
2025-04-29 20:06:34,033 [ERROR] \u26a0\ufe0f 잘못된 XML 응답 - route_id=229000112, 응답: <OpenAPI_ServiceResponse>
	<cmmMsgHeader>
		<errMsg>SERVICE ERROR</errMsg>
		<returnAuthMsg>LIMITED_
2025-04-29 20:06:34,033 [ERROR] \u26a0\ufe0f 잘못된 XML 응답 - route_id=229000111, 응답: <OpenAPI_ServiceResponse>
	<cmmMsgHeader>
		<errMsg>SERVICE ERROR</errMsg>
		<returnAuthMsg>LIMITED_
2025-04-29 20:06:34,033 [ERROR] \u26a0\ufe0f 잘못된 XML 응답 - route_id=229000102, 응답: <OpenAPI_ServiceResponse>
	<cmmMsgHeader>
		<errMsg>SERVICE ERROR</errMsg>
		<returnAuthMsg>LIMITED_
2025-04-29 20:06:34,033 [ERROR] \u26a0\ufe0f 잘못된 XML 응답 - route_id=228000436, 응답: <OpenAPI_ServiceResponse>
	<cmmMsgHeader>
		<errMsg>SERVICE ERROR</errMsg>
		<returnAuthMsg>LIMITED_
2025-04-29 20:06:34,033 [ERROR] \u26a0\ufe0f 잘못된 XML 응답 - route_id=229000263, 응답: <OpenAPI_ServiceResponse>
	<cmmMsgHeader>
		<errMsg>SERVICE ERROR</errMsg>
		<returnAuthMsg>LIMITED_
2025-04-29 20:06:34,033 [ERROR] \u26a0\ufe0f 잘못된 XML 응답 - route_id=229000288, 응답: <OpenAPI_ServiceResponse>
	<cmmMsgHeader>
		<errMsg>SERVICE ERROR</errMsg>
		<returnAuthMsg>LIMITED_
2025-04-29 20:06:34,034 [ERROR] \u26a0\ufe0f 잘못된 XML 응답 - route_id=229000023, 응답: <OpenAPI_ServiceResponse>
	<cmmMsgHeader>
		<errMsg>SERVICE ERROR</errMsg>
		<returnAuthMsg>LIMITED_
2025-04-29 20:06:34,034 [ERROR] \u26a0\ufe0f 잘못된 XML 응답 - route_id=229000290, 응답: <OpenAPI_ServiceResponse>
	<cmmMsgHeader>
		<errMsg>SERVICE ERROR</errMsg>
		<returnAuthMsg>LIMITED_
2025-04-29 20:06:34,034 [ERROR] \u26a0\ufe0f 잘못된 XML 응답 - route_id=228000425, 응답: <OpenAPI_ServiceResponse>
	<cmmMsgHeader>
		<errMsg>SERVICE ERROR</errMsg>
		<returnAuthMsg>LIMITED_
2025-04-29 20:06:34,034 [ERROR] \u26a0\ufe0f 잘못된 XML 응답 - route_id=229000277, 응답: <OpenAPI_ServiceResponse>
	<cmmMsgHeader>
		<errMsg>SERVICE ERROR</errMsg>
		<returnAuthMsg>LIMITED_
2025-04-29 20:06:34,035 [ERROR] \u26a0\ufe0f 잘못된 XML 응답 - route_id=229000281, 응답: <OpenAPI_ServiceResponse>
	<cmmMsgHeader>
		<errMsg>SERVICE ERROR</errMsg>
		<returnAuthMsg>LIMITED_
2025-04-29 20:06:34,035 [ERROR] \u26a0\ufe0f 잘못된 XML 응답 - route_id=229000289, 응답: <OpenAPI_ServiceResponse>
	<cmmMsgHeader>
		<errMsg>SERVICE ERROR</errMsg>
		<returnAuthMsg>LIMITED_
2025-04-29 20:06:34,035 [ERROR] \u26a0\ufe0f 잘못된 XML 응답 - route_id=229000282, 응답: <OpenAPI_ServiceResponse>
	<cmmMsgHeader>
		<errMsg>SERVICE ERROR</errMsg>
		<returnAuthMsg>LIMITED_
2025-04-29 20:06:34,035 [ERROR] \u26a0\ufe0f 잘못된 XML 응답 - route_id=229000273, 응답: <OpenAPI_ServiceResponse>
	<cmmMsgHeader>
		<errMsg>SERVICE ERROR</errMsg>
		<returnAuthMsg>LIMITED_
2025-04-29 20:06:34,035 [ERROR] \u26a0\ufe0f 잘못된 XML 응답 - route_id=229000295, 응답: <OpenAPI_ServiceResponse>
	<cmmMsgHeader>
		<errMsg>SERVICE ERROR</errMsg>
		<returnAuthMsg>LIMITED_
2025-04-29 20:06:34,036 [ERROR] \u26a0\ufe0f 잘못된 XML 응답 - route_id=232000075, 응답: <OpenAPI_ServiceResponse>
	<cmmMsgHeader>
		<errMsg>SERVICE ERROR</errMsg>
		<returnAuthMsg>LIMITED_
2025-04-29 20:06:34,036 [ERROR] \u26a0\ufe0f 잘못된 XML 응답 - route_id=231000139, 응답: <OpenAPI_ServiceResponse>
	<cmmMsgHeader>
		<errMsg>SERVICE ERROR</errMsg>
		<returnAuthMsg>LIMITED_
2025-04-29 20:06:34,036 [ERROR] \u26a0\ufe0f 잘못된 XML 응답 - route_id=232000047, 응답: <OpenAPI_ServiceResponse>
	<cmmMsgHeader>
		<errMsg>SERVICE ERROR</errMsg>
		<returnAuthMsg>LIMITED_
2025-04-29 20:06:34,036 [ERROR] \u26a0\ufe0f 잘못된 XML 응답 - route_id=232000081, 응답: <OpenAPI_ServiceResponse>
	<cmmMsgHeader>
		<errMsg>SERVICE ERROR</errMsg>
		<returnAuthMsg>LIMITED_
2025-04-29 20:06:34,036 [ERROR] \u26a0\ufe0f 잘못된 XML 응답 - route_id=232000094, 응답: <OpenAPI_ServiceResponse>
	<cmmMsgHeader>
		<errMsg>SERVICE ERROR</errMsg>
		<returnAuthMsg>LIMITED_
2025-04-29 20:06:34,037 [ERROR] \u26a0\ufe0f 잘못된 XML 응답 - route_id=232000072, 응답: <OpenAPI_ServiceResponse>
	<cmmMsgHeader>
		<errMsg>SERVICE ERROR</errMsg>
		<returnAuthMsg>LIMITED_
2025-04-29 20:06:34,037 [ERROR] \u26a0\ufe0f 잘못된 XML 응답 - route_id=230000179, 응답: <OpenAPI_ServiceResponse>
	<cmmMsgHeader>
		<errMsg>SERVICE ERROR</errMsg>
		<returnAuthMsg>LIMITED_
2025-04-29 20:06:34,037 [ERROR] \u26a0\ufe0f 잘못된 XML 응답 - route_id=232000071, 응답: <OpenAPI_ServiceResponse>
	<cmmMsgHeader>
		<errMsg>SERVICE ERROR</errMsg>
		<returnAuthMsg>LIMITED_
2025-04-29 20:06:34,037 [ERROR] \u26a0\ufe0f 잘못된 XML 응답 - route_id=228000411, 응답: <OpenAPI_ServiceResponse>
	<cmmMsgHeader>
		<errMsg>SERVICE ERROR</errMsg>
		<returnAuthMsg>LIMITED_
2025-04-29 20:06:34,038 [ERROR] \u26a0\ufe0f 잘못된 XML 응답 - route_id=228000398, 응답: <OpenAPI_ServiceResponse>
	<cmmMsgHeader>
		<errMsg>SERVICE ERROR</errMsg>
		<returnAuthMsg>LIMITED_
2025-04-29 20:06:34,038 [ERROR] \u26a0\ufe0f 잘못된 XML 응답 - route_id=228000400, 응답: <OpenAPI_ServiceResponse>
	<cmmMsgHeader>
		<errMsg>SERVICE ERROR</errMsg>
		<returnAuthMsg>LIMITED_
2025-04-29 20:06:34,038 [ERROR] \u26a0\ufe0f 잘못된 XML 응답 - route_id=228000431, 응답: <OpenAPI_ServiceResponse>
	<cmmMsgHeader>
		<errMsg>SERVICE ERROR</errMsg>
		<returnAuthMsg>LIMITED_
2025-04-29 20:06:34,038 [ERROR] \u26a0\ufe0f 잘못된 XML 응답 - route_id=228000401, 응답: <OpenAPI_ServiceResponse>
	<cmmMsgHeader>
		<errMsg>SERVICE ERROR</errMsg>
		<returnAuthMsg>LIMITED_
2025-04-29 20:06:34,039 [ERROR] \u26a0\ufe0f 잘못된 XML 응답 - route_id=232000090, 응답: <OpenAPI_ServiceResponse>
	<cmmMsgHeader>
		<errMsg>SERVICE ERROR</errMsg>
		<returnAuthMsg>LIMITED_
2025-04-29 20:06:34,045 [ERROR] \u26a0\ufe0f 잘못된 XML 응답 - route_id=232000092, 응답: <OpenAPI_ServiceResponse>
	<cmmMsgHeader>
		<errMsg>SERVICE ERROR</errMsg>
		<returnAuthMsg>LIMITED_
2025-04-29 20:06:34,046 [ERROR] \u26a0\ufe0f 잘못된 XML 응답 - route_id=229000294, 응답: <OpenAPI_ServiceResponse>
	<cmmMsgHeader>
		<errMsg>SERVICE ERROR</errMsg>
		<returnAuthMsg>LIMITED_
2025-04-29 20:06:34,046 [ERROR] \u26a0\ufe0f 잘못된 XML 응답 - route_id=232000005, 응답: <OpenAPI_ServiceResponse>
	<cmmMsgHeader>
		<errMsg>SERVICE ERROR</errMsg>
		<returnAuthMsg>LIMITED_
2025-04-29 20:06:34,046 [ERROR] \u26a0\ufe0f 잘못된 XML 응답 - route_id=232000007, 응답: <OpenAPI_ServiceResponse>
	<cmmMsgHeader>
		<errMsg>SERVICE ERROR</errMsg>
		<returnAuthMsg>LIMITED_
2025-04-29 20:06:34,046 [ERROR] \u26a0\ufe0f 잘못된 XML 응답 - route_id=232000073, 응답: <OpenAPI_ServiceResponse>
	<cmmMsgHeader>
		<errMsg>SERVICE ERROR</errMsg>
		<returnAuthMsg>LIMITED_
2025-04-29 20:06:34,047 [ERROR] \u26a0\ufe0f 잘못된 XML 응답 - route_id=230000184, 응답: <OpenAPI_ServiceResponse>
	<cmmMsgHeader>
		<errMsg>SERVICE ERROR</errMsg>
		<returnAuthMsg>LIMITED_
2025-04-29 20:06:34,048 [ERROR] \u26a0\ufe0f 잘못된 XML 응답 - route_id=232000105, 응답: <OpenAPI_ServiceResponse>
	<cmmMsgHeader>
		<errMsg>SERVICE ERROR</errMsg>
		<returnAuthMsg>LIMITED_
2025-04-29 20:06:34,049 [ERROR] \u26a0\ufe0f 잘못된 XML 응답 - route_id=232000118, 응답: <OpenAPI_ServiceResponse>
	<cmmMsgHeader>
		<errMsg>SERVICE ERROR</errMsg>
		<returnAuthMsg>LIMITED_
2025-04-29 20:06:34,049 [ERROR] \u26a0\ufe0f 잘못된 XML 응답 - route_id=232000106, 응답: <OpenAPI_ServiceResponse>
	<cmmMsgHeader>
		<errMsg>SERVICE ERROR</errMsg>
		<returnAuthMsg>LIMITED_
2025-04-29 20:06:34,049 [ERROR] \u26a0\ufe0f 잘못된 XML 응답 - route_id=232000099, 응답: <OpenAPI_ServiceResponse>
	<cmmMsgHeader>
		<errMsg>SERVICE ERROR</errMsg>
		<returnAuthMsg>LIMITED_
2025-04-29 20:06:34,049 [ERROR] \u26a0\ufe0f 잘못된 XML 응답 - route_id=232000116, 응답: <OpenAPI_ServiceResponse>
	<cmmMsgHeader>
		<errMsg>SERVICE ERROR</errMsg>
		<returnAuthMsg>LIMITED_
2025-04-29 20:06:34,051 [ERROR] \u26a0\ufe0f 잘못된 XML 응답 - route_id=232000103, 응답: <OpenAPI_ServiceResponse>
	<cmmMsgHeader>
		<errMsg>SERVICE ERROR</errMsg>
		<returnAuthMsg>LIMITED_
2025-04-29 20:06:34,051 [ERROR] \u26a0\ufe0f 잘못된 XML 응답 - route_id=232000117, 응답: <OpenAPI_ServiceResponse>
	<cmmMsgHeader>
		<errMsg>SERVICE ERROR</errMsg>
		<returnAuthMsg>LIMITED_
2025-04-29 20:06:34,051 [ERROR] \u26a0\ufe0f 잘못된 XML 응답 - route_id=232000111, 응답: <OpenAPI_ServiceResponse>
	<cmmMsgHeader>
		<errMsg>SERVICE ERROR</errMsg>
		<returnAuthMsg>LIMITED_
2025-04-29 20:06:34,051 [ERROR] \u26a0\ufe0f 잘못된 XML 응답 - route_id=232000137, 응답: <OpenAPI_ServiceResponse>
	<cmmMsgHeader>
		<errMsg>SERVICE ERROR</errMsg>
		<returnAuthMsg>LIMITED_
2025-04-29 20:06:34,053 [ERROR] \u26a0\ufe0f 잘못된 XML 응답 - route_id=232000138, 응답: <OpenAPI_ServiceResponse>
	<cmmMsgHeader>
		<errMsg>SERVICE ERROR</errMsg>
		<returnAuthMsg>LIMITED_
2025-04-29 20:06:34,053 [ERROR] \u26a0\ufe0f 잘못된 XML 응답 - route_id=233000135, 응답: <OpenAPI_ServiceResponse>
	<cmmMsgHeader>
		<errMsg>SERVICE ERROR</errMsg>
		<returnAuthMsg>LIMITED_
2025-04-29 20:06:34,054 [ERROR] \u26a0\ufe0f 잘못된 XML 응답 - route_id=233000136, 응답: <OpenAPI_ServiceResponse>
	<cmmMsgHeader>
		<errMsg>SERVICE ERROR</errMsg>
		<returnAuthMsg>LIMITED_
2025-04-29 20:06:34,054 [ERROR] \u26a0\ufe0f 잘못된 XML 응답 - route_id=233000032, 응답: <OpenAPI_ServiceResponse>
	<cmmMsgHeader>
		<errMsg>SERVICE ERROR</errMsg>
		<returnAuthMsg>LIMITED_
2025-04-29 20:06:34,055 [ERROR] \u26a0\ufe0f 잘못된 XML 응답 - route_id=233000125, 응답: <OpenAPI_ServiceResponse>
	<cmmMsgHeader>
		<errMsg>SERVICE ERROR</errMsg>
		<returnAuthMsg>LIMITED_
2025-04-29 20:06:34,055 [ERROR] \u26a0\ufe0f 잘못된 XML 응답 - route_id=233000140, 응답: <OpenAPI_ServiceResponse>
	<cmmMsgHeader>
		<errMsg>SERVICE ERROR</errMsg>
		<returnAuthMsg>LIMITED_
2025-04-29 20:06:34,056 [ERROR] \u26a0\ufe0f 잘못된 XML 응답 - route_id=233000142, 응답: <OpenAPI_ServiceResponse>
	<cmmMsgHeader>
		<errMsg>SERVICE ERROR</errMsg>
		<returnAuthMsg>LIMITED_
2025-04-29 20:06:34,057 [ERROR] \u26a0\ufe0f 잘못된 XML 응답 - route_id=232000139, 응답: <OpenAPI_ServiceResponse>
	<cmmMsgHeader>
		<errMsg>SERVICE ERROR</errMsg>
		<returnAuthMsg>LIMITED_
2025-04-29 20:06:34,057 [ERROR] \u26a0\ufe0f 잘못된 XML 응답 - route_id=233000321, 응답: <OpenAPI_ServiceResponse>
	<cmmMsgHeader>
		<errMsg>SERVICE ERROR</errMsg>
		<returnAuthMsg>LIMITED_
2025-04-29 20:06:34,057 [ERROR] \u26a0\ufe0f 잘못된 XML 응답 - route_id=233000273, 응답: <OpenAPI_ServiceResponse>
	<cmmMsgHeader>
		<errMsg>SERVICE ERROR</errMsg>
		<returnAuthMsg>LIMITED_
2025-04-29 20:06:34,057 [ERROR] \u26a0\ufe0f 잘못된 XML 응답 - route_id=233000265, 응답: <OpenAPI_ServiceResponse>
	<cmmMsgHeader>
		<errMsg>SERVICE ERROR</errMsg>
		<returnAuthMsg>LIMITED_
2025-04-29 20:06:34,057 [ERROR] \u26a0\ufe0f 잘못된 XML 응답 - route_id=233000311, 응답: <OpenAPI_ServiceResponse>
	<cmmMsgHeader>
		<errMsg>SERVICE ERROR</errMsg>
		<returnAuthMsg>LIMITED_
2025-04-29 20:06:34,058 [ERROR] \u26a0\ufe0f 잘못된 XML 응답 - route_id=233000329, 응답: <OpenAPI_ServiceResponse>
	<cmmMsgHeader>
		<errMsg>SERVICE ERROR</errMsg>
		<returnAuthMsg>LIMITED_
2025-04-29 20:06:34,058 [ERROR] \u26a0\ufe0f 잘못된 XML 응답 - route_id=233000139, 응답: <OpenAPI_ServiceResponse>
	<cmmMsgHeader>
		<errMsg>SERVICE ERROR</errMsg>
		<returnAuthMsg>LIMITED_
2025-04-29 20:06:34,058 [ERROR] \u26a0\ufe0f 잘못된 XML 응답 - route_id=233000031, 응답: <OpenAPI_ServiceResponse>
	<cmmMsgHeader>
		<errMsg>SERVICE ERROR</errMsg>
		<returnAuthMsg>LIMITED_
2025-04-29 20:06:34,058 [ERROR] \u26a0\ufe0f 잘못된 XML 응답 - route_id=233000337, 응답: <OpenAPI_ServiceResponse>
	<cmmMsgHeader>
		<errMsg>SERVICE ERROR</errMsg>
		<returnAuthMsg>LIMITED_
2025-04-29 20:06:34,058 [ERROR] \u26a0\ufe0f 잘못된 XML 응답 - route_id=233000270, 응답: <OpenAPI_ServiceResponse>
	<cmmMsgHeader>
		<errMsg>SERVICE ERROR</errMsg>
		<returnAuthMsg>LIMITED_
2025-04-29 20:06:34,058 [ERROR] \u26a0\ufe0f 잘못된 XML 응답 - route_id=233000131, 응답: <OpenAPI_ServiceResponse>
	<cmmMsgHeader>
		<errMsg>SERVICE ERROR</errMsg>
		<returnAuthMsg>LIMITED_
2025-04-29 20:06:34,059 [ERROR] \u26a0\ufe0f 잘못된 XML 응답 - route_id=233000327, 응답: <OpenAPI_ServiceResponse>
	<cmmMsgHeader>
		<errMsg>SERVICE ERROR</errMsg>
		<returnAuthMsg>LIMITED_
2025-04-29 20:06:34,059 [ERROR] \u26a0\ufe0f 잘못된 XML 응답 - route_id=233000325, 응답: <OpenAPI_ServiceResponse>
	<cmmMsgHeader>
		<errMsg>SERVICE ERROR</errMsg>
		<returnAuthMsg>LIMITED_
2025-04-29 20:06:34,059 [ERROR] \u26a0\ufe0f 잘못된 XML 응답 - route_id=233000322, 응답: <OpenAPI_ServiceResponse>
	<cmmMsgHeader>
		<errMsg>SERVICE ERROR</errMsg>
		<returnAuthMsg>LIMITED_
2025-04-29 20:06:34,059 [ERROR] \u26a0\ufe0f 잘못된 XML 응답 - route_id=233000272, 응답: <OpenAPI_ServiceResponse>
	<cmmMsgHeader>
		<errMsg>SERVICE ERROR</errMsg>
		<returnAuthMsg>LIMITED_
2025-04-29 20:06:34,059 [ERROR] \u26a0\ufe0f 잘못된 XML 응답 - route_id=233000271, 응답: <OpenAPI_ServiceResponse>
	<cmmMsgHeader>
		<errMsg>SERVICE ERROR</errMsg>
		<returnAuthMsg>LIMITED_
2025-04-29 20:06:34,060 [ERROR] \u26a0\ufe0f 잘못된 XML 응답 - route_id=233000258, 응답: <OpenAPI_ServiceResponse>
	<cmmMsgHeader>
		<errMsg>SERVICE ERROR</errMsg>
		<returnAuthMsg>LIMITED_
2025-04-29 20:06:34,064 [ERROR] \u26a0\ufe0f 잘못된 XML 응답 - route_id=233000326, 응답: <OpenAPI_ServiceResponse>
	<cmmMsgHeader>
		<errMsg>SERVICE ERROR</errMsg>
		<returnAuthMsg>LIMITED_
2025-04-29 20:06:34,065 [ERROR] \u26a0\ufe0f 잘못된 XML 응답 - route_id=233000336, 응답: <OpenAPI_ServiceResponse>
	<cmmMsgHeader>
		<errMsg>SERVICE ERROR</errMsg>
		<returnAuthMsg>LIMITED_
2025-04-29 20:06:34,065 [ERROR] \u26a0\ufe0f 잘못된 XML 응답 - route_id=233000332, 응답: <OpenAPI_ServiceResponse>
	<cmmMsgHeader>
		<errMsg>SERVICE ERROR</errMsg>
		<returnAuthMsg>LIMITED_
2025-04-29 20:06:34,065 [ERROR] \u26a0\ufe0f 잘못된 XML 응답 - route_id=233000338, 응답: <OpenAPI_ServiceResponse>
	<cmmMsgHeader>
		<errMsg>SERVICE ERROR</errMsg>
		<returnAuthMsg>LIMITED_
2025-04-29 20:06:34,065 [ERROR] \u26a0\ufe0f 잘못된 XML 응답 - route_id=233000364, 응답: <OpenAPI_ServiceResponse>
	<cmmMsgHeader>
		<errMsg>SERVICE ERROR</errMsg>
		<returnAuthMsg>LIMITED_
2025-04-29 20:06:34,066 [ERROR] \u26a0\ufe0f 잘못된 XML 응답 - route_id=233000365, 응답: <OpenAPI_ServiceResponse>
	<cmmMsgHeader>
		<errMsg>SERVICE ERROR</errMsg>
		<returnAuthMsg>LIMITED_
2025-04-29 20:06:34,068 [ERROR] \u26a0\ufe0f 잘못된 XML 응답 - route_id=233000335, 응답: <OpenAPI_ServiceResponse>
	<cmmMsgHeader>
		<errMsg>SERVICE ERROR</errMsg>
		<returnAuthMsg>LIMITED_
2025-04-29 20:06:34,068 [ERROR] \u26a0\ufe0f 잘못된 XML 응답 - route_id=233000333, 응답: <OpenAPI_ServiceResponse>
	<cmmMsgHeader>
		<errMsg>SERVICE ERROR</errMsg>
		<returnAuthMsg>LIMITED_
2025-04-29 20:06:34,069 [ERROR] \u26a0\ufe0f 잘못된 XML 응답 - route_id=233000354, 응답: <OpenAPI_ServiceResponse>
	<cmmMsgHeader>
		<errMsg>SERVICE ERROR</errMsg>
		<returnAuthMsg>LIMITED_
2025-04-29 20:06:34,069 [ERROR] \u26a0\ufe0f 잘못된 XML 응답 - route_id=233000334, 응답: <OpenAPI_ServiceResponse>
	<cmmMsgHeader>
		<errMsg>SERVICE ERROR</errMsg>
		<returnAuthMsg>LIMITED_
2025-04-29 20:06:34,069 [ERROR] \u26a0\ufe0f 잘못된 XML 응답 - route_id=233000362, 응답: <OpenAPI_ServiceResponse>
	<cmmMsgHeader>
		<errMsg>SERVICE ERROR</errMsg>
		<returnAuthMsg>LIMITED_
2025-04-29 20:06:34,069 [ERROR] \u26a0\ufe0f 잘못된 XML 응답 - route_id=233000266, 응답: <OpenAPI_ServiceResponse>
	<cmmMsgHeader>
		<errMsg>SERVICE ERROR</errMsg>
		<returnAuthMsg>LIMITED_
2025-04-29 20:06:34,071 [ERROR] \u26a0\ufe0f 잘못된 XML 응답 - route_id=233000371, 응답: <OpenAPI_ServiceResponse>
	<cmmMsgHeader>
		<errMsg>SERVICE ERROR</errMsg>
		<returnAuthMsg>LIMITED_
2025-04-29 20:06:34,071 [ERROR] \u26a0\ufe0f 잘못된 XML 응답 - route_id=233000372, 응답: <OpenAPI_ServiceResponse>
	<cmmMsgHeader>
		<errMsg>SERVICE ERROR</errMsg>
		<returnAuthMsg>LIMITED_
2025-04-29 20:06:34,071 [ERROR] \u26a0\ufe0f 잘못된 XML 응답 - route_id=233000366, 응답: <OpenAPI_ServiceResponse>
	<cmmMsgHeader>
		<errMsg>SERVICE ERROR</errMsg>
		<returnAuthMsg>LIMITED_
2025-04-29 20:06:34,071 [ERROR] \u26a0\ufe0f 잘못된 XML 응답 - route_id=233000367, 응답: <OpenAPI_ServiceResponse>
	<cmmMsgHeader>
		<errMsg>SERVICE ERROR</errMsg>
		<returnAuthMsg>LIMITED_
2025-04-29 20:06:34,072 [ERROR] \u26a0\ufe0f 잘못된 XML 응답 - route_id=233000384, 응답: <OpenAPI_ServiceResponse>
	<cmmMsgHeader>
		<errMsg>SERVICE ERROR</errMsg>
		<returnAuthMsg>LIMITED_
2025-04-29 20:06:34,072 [ERROR] \u26a0\ufe0f 잘못된 XML 응답 - route_id=233000392, 응답: <OpenAPI_ServiceResponse>
	<cmmMsgHeader>
		<errMsg>SERVICE ERROR</errMsg>
		<returnAuthMsg>LIMITED_
2025-04-29 20:06:34,072 [ERROR] \u26a0\ufe0f 잘못된 XML 응답 - route_id=233000393, 응답: <OpenAPI_ServiceResponse>
	<cmmMsgHeader>
		<errMsg>SERVICE ERROR</errMsg>
		<returnAuthMsg>LIMITED_
2025-04-29 20:06:34,073 [ERROR] \u26a0\ufe0f 잘못된 XML 응답 - route_id=233000373, 응답: <OpenAPI_ServiceResponse>
	<cmmMsgHeader>
		<errMsg>SERVICE ERROR</errMsg>
		<returnAuthMsg>LIMITED_
2025-04-29 20:06:34,076 [ERROR] \u26a0\ufe0f 잘못된 XML 응답 - route_id=233000374, 응답: <OpenAPI_ServiceResponse>
	<cmmMsgHeader>
		<errMsg>SERVICE ERROR</errMsg>
		<returnAuthMsg>LIMITED_
2025-04-29 20:06:34,076 [ERROR] \u26a0\ufe0f 잘못된 XML 응답 - route_id=233000328, 응답: <OpenAPI_ServiceResponse>
	<cmmMsgHeader>
		<errMsg>SERVICE ERROR</errMsg>
		<returnAuthMsg>LIMITED_
2025-04-29 20:06:34,077 [ERROR] \u26a0\ufe0f 잘못된 XML 응답 - route_id=233000441, 응답: <OpenAPI_ServiceResponse>
	<cmmMsgHeader>
		<errMsg>SERVICE ERROR</errMsg>
		<returnAuthMsg>LIMITED_
2025-04-29 20:06:34,077 [ERROR] \u26a0\ufe0f 잘못된 XML 응답 - route_id=233000376, 응답: <OpenAPI_ServiceResponse>
	<cmmMsgHeader>
		<errMsg>SERVICE ERROR</errMsg>
		<returnAuthMsg>LIMITED_
2025-04-29 20:06:34,077 [ERROR] \u26a0\ufe0f 잘못된 XML 응답 - route_id=234000011, 응답: <OpenAPI_ServiceResponse>
	<cmmMsgHeader>
		<errMsg>SERVICE ERROR</errMsg>
		<returnAuthMsg>LIMITED_
2025-04-29 20:06:34,077 [ERROR] \u26a0\ufe0f 잘못된 XML 응답 - route_id=233000426, 응답: <OpenAPI_ServiceResponse>
	<cmmMsgHeader>
		<errMsg>SERVICE ERROR</errMsg>
		<returnAuthMsg>LIMITED_
2025-04-29 20:06:34,078 [ERROR] \u26a0\ufe0f 잘못된 XML 응답 - route_id=234000002, 응답: <OpenAPI_ServiceResponse>
	<cmmMsgHeader>
		<errMsg>SERVICE ERROR</errMsg>
		<returnAuthMsg>LIMITED_
2025-04-29 20:06:34,078 [ERROR] \u26a0\ufe0f 잘못된 XML 응답 - route_id=234000016, 응답: <OpenAPI_ServiceResponse>
	<cmmMsgHeader>
		<errMsg>SERVICE ERROR</errMsg>
		<returnAuthMsg>LIMITED_
2025-04-29 20:06:34,078 [ERROR] \u26a0\ufe0f 잘못된 XML 응답 - route_id=233000391, 응답: <OpenAPI_ServiceResponse>
	<cmmMsgHeader>
		<errMsg>SERVICE ERROR</errMsg>
		<returnAuthMsg>LIMITED_
2025-04-29 20:06:34,078 [ERROR] \u26a0\ufe0f 잘못된 XML 응답 - route_id=234000013, 응답: <OpenAPI_ServiceResponse>
	<cmmMsgHeader>
		<errMsg>SERVICE ERROR</errMsg>
		<returnAuthMsg>LIMITED_
2025-04-29 20:06:34,078 [ERROR] \u26a0\ufe0f 잘못된 XML 응답 - route_id=234000015, 응답: <OpenAPI_ServiceResponse>
	<cmmMsgHeader>
		<errMsg>SERVICE ERROR</errMsg>
		<returnAuthMsg>LIMITED_
2025-04-29 20:06:34,078 [ERROR] \u26a0\ufe0f 잘못된 XML 응답 - route_id=233000339, 응답: <OpenAPI_ServiceResponse>
	<cmmMsgHeader>
		<errMsg>SERVICE ERROR</errMsg>
		<returnAuthMsg>LIMITED_
2025-04-29 20:06:34,078 [ERROR] \u26a0\ufe0f 잘못된 XML 응답 - route_id=234000042, 응답: <OpenAPI_ServiceResponse>
	<cmmMsgHeader>
		<errMsg>SERVICE ERROR</errMsg>
		<returnAuthMsg>LIMITED_
2025-04-29 20:06:34,081 [ERROR] \u26a0\ufe0f 잘못된 XML 응답 - route_id=234000050, 응답: <OpenAPI_ServiceResponse>
	<cmmMsgHeader>
		<errMsg>SERVICE ERROR</errMsg>
		<returnAuthMsg>LIMITED_
2025-04-29 20:06:34,081 [ERROR] \u26a0\ufe0f 잘못된 XML 응답 - route_id=233000363, 응답: <OpenAPI_ServiceResponse>
	<cmmMsgHeader>
		<errMsg>SERVICE ERROR</errMsg>
		<returnAuthMsg>LIMITED_
2025-04-29 20:06:34,081 [ERROR] \u26a0\ufe0f 잘못된 XML 응답 - route_id=233000356, 응답: <OpenAPI_ServiceResponse>
	<cmmMsgHeader>
		<errMsg>SERVICE ERROR</errMsg>
		<returnAuthMsg>LIMITED_
2025-04-29 20:06:34,082 [ERROR] \u26a0\ufe0f 잘못된 XML 응답 - route_id=233000355, 응답: <OpenAPI_ServiceResponse>
	<cmmMsgHeader>
		<errMsg>SERVICE ERROR</errMsg>
		<returnAuthMsg>LIMITED_
2025-04-29 20:06:34,082 [ERROR] \u26a0\ufe0f 잘못된 XML 응답 - route_id=234000027, 응답: <OpenAPI_ServiceResponse>
	<cmmMsgHeader>
		<errMsg>SERVICE ERROR</errMsg>
		<returnAuthMsg>LIMITED_
2025-04-29 20:06:34,082 [ERROR] \u26a0\ufe0f 잘못된 XML 응답 - route_id=234000031, 응답: <OpenAPI_ServiceResponse>
	<cmmMsgHeader>
		<errMsg>SERVICE ERROR</errMsg>
		<returnAuthMsg>LIMITED_
2025-04-29 20:06:34,082 [ERROR] \u26a0\ufe0f 잘못된 XML 응답 - route_id=234000051, 응답: <OpenAPI_ServiceResponse>
	<cmmMsgHeader>
		<errMsg>SERVICE ERROR</errMsg>
		<returnAuthMsg>LIMITED_
2025-04-29 20:06:34,082 [ERROR] \u26a0\ufe0f 잘못된 XML 응답 - route_id=234000065, 응답: <OpenAPI_ServiceResponse>
	<cmmMsgHeader>
		<errMsg>SERVICE ERROR</errMsg>
		<returnAuthMsg>LIMITED_
2025-04-29 20:06:34,082 [ERROR] \u26a0\ufe0f 잘못된 XML 응답 - route_id=234000079, 응답: <OpenAPI_ServiceResponse>
	<cmmMsgHeader>
		<errMsg>SERVICE ERROR</errMsg>
		<returnAuthMsg>LIMITED_
2025-04-29 20:06:34,085 [ERROR] \u26a0\ufe0f 잘못된 XML 응답 - route_id=234000075, 응답: <OpenAPI_ServiceResponse>
	<cmmMsgHeader>
		<errMsg>SERVICE ERROR</errMsg>
		<returnAuthMsg>LIMITED_
2025-04-29 20:06:34,085 [ERROR] \u26a0\ufe0f 잘못된 XML 응답 - route_id=234000313, 응답: <OpenAPI_ServiceResponse>
	<cmmMsgHeader>
		<errMsg>SERVICE ERROR</errMsg>
		<returnAuthMsg>LIMITED_
2025-04-29 20:06:34,086 [ERROR] \u26a0\ufe0f 잘못된 XML 응답 - route_id=234000314, 응답: <OpenAPI_ServiceResponse>
	<cmmMsgHeader>
		<errMsg>SERVICE ERROR</errMsg>
		<returnAuthMsg>LIMITED_
2025-04-29 20:06:34,086 [ERROR] \u26a0\ufe0f 잘못된 XML 응답 - route_id=234000148, 응답: <OpenAPI_ServiceResponse>
	<cmmMsgHeader>
		<errMsg>SERVICE ERROR</errMsg>
		<returnAuthMsg>LIMITED_
2025-04-29 20:06:34,086 [ERROR] \u26a0\ufe0f 잘못된 XML 응답 - route_id=234000136, 응답: <OpenAPI_ServiceResponse>
	<cmmMsgHeader>
		<errMsg>SERVICE ERROR</errMsg>
		<returnAuthMsg>LIMITED_
2025-04-29 20:06:34,086 [ERROR] \u26a0\ufe0f 잘못된 XML 응답 - route_id=234000310, 응답: <OpenAPI_ServiceResponse>
	<cmmMsgHeader>
		<errMsg>SERVICE ERROR</errMsg>
		<returnAuthMsg>LIMITED_
2025-04-29 20:06:34,087 [ERROR] \u26a0\ufe0f 잘못된 XML 응답 - route_id=234000324, 응답: <OpenAPI_ServiceResponse>
	<cmmMsgHeader>
		<errMsg>SERVICE ERROR</errMsg>
		<returnAuthMsg>LIMITED_
2025-04-29 20:06:34,087 [ERROR] \u26a0\ufe0f 잘못된 XML 응답 - route_id=234000875, 응답: <OpenAPI_ServiceResponse>
	<cmmMsgHeader>
		<errMsg>SERVICE ERROR</errMsg>
		<returnAuthMsg>LIMITED_
2025-04-29 20:06:34,087 [ERROR] \u26a0\ufe0f 잘못된 XML 응답 - route_id=234000069, 응답: <OpenAPI_ServiceResponse>
	<cmmMsgHeader>
		<errMsg>SERVICE ERROR</errMsg>
		<returnAuthMsg>LIMITED_
2025-04-29 20:06:34,087 [ERROR] \u26a0\ufe0f 잘못된 XML 응답 - route_id=234000873, 응답: <OpenAPI_ServiceResponse>
	<cmmMsgHeader>
		<errMsg>SERVICE ERROR</errMsg>
		<returnAuthMsg>LIMITED_
2025-04-29 20:06:34,087 [ERROR] \u26a0\ufe0f 잘못된 XML 응답 - route_id=234000884, 응답: <OpenAPI_ServiceResponse>
	<cmmMsgHeader>
		<errMsg>SERVICE ERROR</errMsg>
		<returnAuthMsg>LIMITED_
2025-04-29 20:06:34,087 [ERROR] \u26a0\ufe0f 잘못된 XML 응답 - route_id=234000309, 응답: <OpenAPI_ServiceResponse>
	<cmmMsgHeader>
		<errMsg>SERVICE ERROR</errMsg>
		<returnAuthMsg>LIMITED_
2025-04-29 20:06:34,090 [ERROR] \u26a0\ufe0f 잘못된 XML 응답 - route_id=234000879, 응답: <OpenAPI_ServiceResponse>
	<cmmMsgHeader>
		<errMsg>SERVICE ERROR</errMsg>
		<returnAuthMsg>LIMITED_
2025-04-29 20:06:34,090 [ERROR] \u26a0\ufe0f 잘못된 XML 응답 - route_id=234000130, 응답: <OpenAPI_ServiceResponse>
	<cmmMsgHeader>
		<errMsg>SERVICE ERROR</errMsg>
		<returnAuthMsg>LIMITED_
2025-04-29 20:06:34,094 [ERROR] \u26a0\ufe0f 잘못된 XML 응답 - route_id=234001203, 응답: <OpenAPI_ServiceResponse>
	<cmmMsgHeader>
		<errMsg>SERVICE ERROR</errMsg>
		<returnAuthMsg>LIMITED_
2025-04-29 20:06:34,094 [ERROR] \u26a0\ufe0f 잘못된 XML 응답 - route_id=234000882, 응답: <OpenAPI_ServiceResponse>
	<cmmMsgHeader>
		<errMsg>SERVICE ERROR</errMsg>
		<returnAuthMsg>LIMITED_
2025-04-29 20:06:34,095 [ERROR] \u26a0\ufe0f 잘못된 XML 응답 - route_id=234000878, 응답: <OpenAPI_ServiceResponse>
	<cmmMsgHeader>
		<errMsg>SERVICE ERROR</errMsg>
		<returnAuthMsg>LIMITED_
2025-04-29 20:06:34,095 [ERROR] \u26a0\ufe0f 잘못된 XML 응답 - route_id=234000995, 응답: <OpenAPI_ServiceResponse>
	<cmmMsgHeader>
		<errMsg>SERVICE ERROR</errMsg>
		<returnAuthMsg>LIMITED_
2025-04-29 20:06:34,095 [ERROR] \u26a0\ufe0f 잘못된 XML 응답 - route_id=234001163, 응답: <OpenAPI_ServiceResponse>
	<cmmMsgHeader>
		<errMsg>SERVICE ERROR</errMsg>
		<returnAuthMsg>LIMITED_
2025-04-29 20:06:34,095 [ERROR] \u26a0\ufe0f 잘못된 XML 응답 - route_id=234001159, 응답: <OpenAPI_ServiceResponse>
	<cmmMsgHeader>
		<errMsg>SERVICE ERROR</errMsg>
		<returnAuthMsg>LIMITED_
2025-04-29 20:06:34,095 [ERROR] \u26a0\ufe0f 잘못된 XML 응답 - route_id=234000886, 응답: <OpenAPI_ServiceResponse>
	<cmmMsgHeader>
		<errMsg>SERVICE ERROR</errMsg>
		<returnAuthMsg>LIMITED_
2025-04-29 20:06:34,095 [ERROR] \u26a0\ufe0f 잘못된 XML 응답 - route_id=234001138, 응답: <OpenAPI_ServiceResponse>
	<cmmMsgHeader>
		<errMsg>SERVICE ERROR</errMsg>
		<returnAuthMsg>LIMITED_
2025-04-29 20:06:34,097 [ERROR] \u26a0\ufe0f 잘못된 XML 응답 - route_id=234001236, 응답: <OpenAPI_ServiceResponse>
	<cmmMsgHeader>
		<errMsg>SERVICE ERROR</errMsg>
		<returnAuthMsg>LIMITED_
2025-04-29 20:06:34,098 [ERROR] \u26a0\ufe0f 잘못된 XML 응답 - route_id=234001204, 응답: <OpenAPI_ServiceResponse>
	<cmmMsgHeader>
		<errMsg>SERVICE ERROR</errMsg>
		<returnAuthMsg>LIMITED_
2025-04-29 20:06:34,098 [ERROR] \u26a0\ufe0f 잘못된 XML 응답 - route_id=234001317, 응답: <OpenAPI_ServiceResponse>
	<cmmMsgHeader>
		<errMsg>SERVICE ERROR</errMsg>
		<returnAuthMsg>LIMITED_
2025-04-29 20:06:34,098 [ERROR] \u26a0\ufe0f 잘못된 XML 응답 - route_id=234001290, 응답: <OpenAPI_ServiceResponse>
	<cmmMsgHeader>
		<errMsg>SERVICE ERROR</errMsg>
		<returnAuthMsg>LIMITED_
2025-04-29 20:06:34,098 [ERROR] \u26a0\ufe0f 잘못된 XML 응답 - route_id=234001245, 응답: <OpenAPI_ServiceResponse>
	<cmmMsgHeader>
		<errMsg>SERVICE ERROR</errMsg>
		<returnAuthMsg>LIMITED_
2025-04-29 20:06:34,098 [ERROR] \u26a0\ufe0f 잘못된 XML 응답 - route_id=234001237, 응답: <OpenAPI_ServiceResponse>
	<cmmMsgHeader>
		<errMsg>SERVICE ERROR</errMsg>
		<returnAuthMsg>LIMITED_
2025-04-29 20:06:34,098 [ERROR] \u26a0\ufe0f 잘못된 XML 응답 - route_id=234001241, 응답: <OpenAPI_ServiceResponse>
	<cmmMsgHeader>
		<errMsg>SERVICE ERROR</errMsg>
		<returnAuthMsg>LIMITED_
2025-04-29 20:06:34,099 [ERROR] \u26a0\ufe0f 잘못된 XML 응답 - route_id=234001286, 응답: <OpenAPI_ServiceResponse>
	<cmmMsgHeader>
		<errMsg>SERVICE ERROR</errMsg>
		<returnAuthMsg>LIMITED_
2025-04-29 20:06:34,099 [ERROR] \u26a0\ufe0f 잘못된 XML 응답 - route_id=234001243, 응답: <OpenAPI_ServiceResponse>
	<cmmMsgHeader>
		<errMsg>SERVICE ERROR</errMsg>
		<returnAuthMsg>LIMITED_
2025-04-29 20:06:34,099 [ERROR] \u26a0\ufe0f 잘못된 XML 응답 - route_id=234001244, 응답: <OpenAPI_ServiceResponse>
	<cmmMsgHeader>
		<errMsg>SERVICE ERROR</errMsg>
		<returnAuthMsg>LIMITED_
2025-04-29 20:06:34,099 [ERROR] \u26a0\ufe0f 잘못된 XML 응답 - route_id=234001318, 응답: <OpenAPI_ServiceResponse>
	<cmmMsgHeader>
		<errMsg>SERVICE ERROR</errMsg>
		<returnAuthMsg>LIMITED_
2025-04-29 20:06:34,099 [ERROR] \u26a0\ufe0f 잘못된 XML 응답 - route_id=234001426, 응답: <OpenAPI_ServiceResponse>
	<cmmMsgHeader>
		<errMsg>SERVICE ERROR</errMsg>
		<returnAuthMsg>LIMITED_
2025-04-29 20:06:34,102 [ERROR] \u26a0\ufe0f 잘못된 XML 응답 - route_id=234001574, 응답: <OpenAPI_ServiceResponse>
	<cmmMsgHeader>
		<errMsg>SERVICE ERROR</errMsg>
		<returnAuthMsg>LIMITED_
2025-04-29 20:06:34,103 [ERROR] \u26a0\ufe0f 잘못된 XML 응답 - route_id=234001694, 응답: <OpenAPI_ServiceResponse>
	<cmmMsgHeader>
		<errMsg>SERVICE ERROR</errMsg>
		<returnAuthMsg>LIMITED_
2025-04-29 20:06:34,103 [ERROR] \u26a0\ufe0f 잘못된 XML 응답 - route_id=234001609, 응답: <OpenAPI_ServiceResponse>
	<cmmMsgHeader>
		<errMsg>SERVICE ERROR</errMsg>
		<returnAuthMsg>LIMITED_
2025-04-29 20:06:34,103 [ERROR] \u26a0\ufe0f 잘못된 XML 응답 - route_id=234001660, 응답: <OpenAPI_ServiceResponse>
	<cmmMsgHeader>
		<errMsg>SERVICE ERROR</errMsg>
		<returnAuthMsg>LIMITED_
2025-04-29 20:06:34,103 [ERROR] \u26a0\ufe0f 잘못된 XML 응답 - route_id=234001516, 응답: <OpenAPI_ServiceResponse>
	<cmmMsgHeader>
		<errMsg>SERVICE ERROR</errMsg>
		<returnAuthMsg>LIMITED_
2025-04-29 20:06:34,103 [ERROR] \u26a0\ufe0f 잘못된 XML 응답 - route_id=234001695, 응답: <OpenAPI_ServiceResponse>
	<cmmMsgHeader>
		<errMsg>SERVICE ERROR</errMsg>
		<returnAuthMsg>LIMITED_
2025-04-29 20:06:34,104 [ERROR] \u26a0\ufe0f 잘못된 XML 응답 - route_id=234001577, 응답: <OpenAPI_ServiceResponse>
	<cmmMsgHeader>
		<errMsg>SERVICE ERROR</errMsg>
		<returnAuthMsg>LIMITED_
2025-04-29 20:06:34,104 [ERROR] \u26a0\ufe0f 잘못된 XML 응답 - route_id=234001246, 응답: <OpenAPI_ServiceResponse>
	<cmmMsgHeader>
		<errMsg>SERVICE ERROR</errMsg>
		<returnAuthMsg>LIMITED_
2025-04-29 20:06:34,104 [ERROR] \u26a0\ufe0f 잘못된 XML 응답 - route_id=234001251, 응답: <OpenAPI_ServiceResponse>
	<cmmMsgHeader>
		<errMsg>SERVICE ERROR</errMsg>
		<returnAuthMsg>LIMITED_
2025-04-29 20:06:34,104 [ERROR] \u26a0\ufe0f 잘못된 XML 응답 - route_id=234001705, 응답: <OpenAPI_ServiceResponse>
	<cmmMsgHeader>
		<errMsg>SERVICE ERROR</errMsg>
		<returnAuthMsg>LIMITED_
2025-04-29 20:06:34,104 [ERROR] \u26a0\ufe0f 잘못된 XML 응답 - route_id=234001476, 응답: <OpenAPI_ServiceResponse>
	<cmmMsgHeader>
		<errMsg>SERVICE ERROR</errMsg>
		<returnAuthMsg>LIMITED_
2025-04-29 20:06:34,104 [ERROR] \u26a0\ufe0f 잘못된 XML 응답 - route_id=234001511, 응답: <OpenAPI_ServiceResponse>
	<cmmMsgHeader>
		<errMsg>SERVICE ERROR</errMsg>
		<returnAuthMsg>LIMITED_
2025-04-29 20:06:34,104 [ERROR] \u26a0\ufe0f 잘못된 XML 응답 - route_id=234001271, 응답: <OpenAPI_ServiceResponse>
	<cmmMsgHeader>
		<errMsg>SERVICE ERROR</errMsg>
		<returnAuthMsg>LIMITED_
2025-04-29 20:06:34,105 [ERROR] \u26a0\ufe0f 잘못된 XML 응답 - route_id=234001619, 응답: <OpenAPI_ServiceResponse>
	<cmmMsgHeader>
		<errMsg>SERVICE ERROR</errMsg>
		<returnAuthMsg>LIMITED_
2025-04-29 20:06:34,105 [ERROR] \u26a0\ufe0f 잘못된 XML 응답 - route_id=234001622, 응답: <OpenAPI_ServiceResponse>
	<cmmMsgHeader>
		<errMsg>SERVICE ERROR</errMsg>
		<returnAuthMsg>LIMITED_
2025-04-29 20:06:34,105 [ERROR] \u26a0\ufe0f 잘못된 XML 응답 - route_id=234001691, 응답: <OpenAPI_ServiceResponse>
	<cmmMsgHeader>
		<errMsg>SERVICE ERROR</errMsg>
		<returnAuthMsg>LIMITED_
2025-04-29 20:06:34,105 [ERROR] \u26a0\ufe0f 잘못된 XML 응답 - route_id=234001712, 응답: <OpenAPI_ServiceResponse>
	<cmmMsgHeader>
		<errMsg>SERVICE ERROR</errMsg>
		<returnAuthMsg>LIMITED_
2025-04-29 20:06:34,105 [ERROR] \u26a0\ufe0f 잘못된 XML 응답 - route_id=234001713, 응답: <OpenAPI_ServiceResponse>
	<cmmMsgHeader>
		<errMsg>SERVICE ERROR</errMsg>
		<returnAuthMsg>LIMITED_
2025-04-29 20:06:34,106 [ERROR] \u26a0\ufe0f 잘못된 XML 응답 - route_id=234001708, 응답: <OpenAPI_ServiceResponse>
	<cmmMsgHeader>
		<errMsg>SERVICE ERROR</errMsg>
		<returnAuthMsg>LIMITED_
2025-04-29 20:06:34,106 [ERROR] \u26a0\ufe0f 잘못된 XML 응답 - route_id=234001715, 응답: <OpenAPI_ServiceResponse>
	<cmmMsgHeader>
		<errMsg>SERVICE ERROR</errMsg>
		<returnAuthMsg>LIMITED_
2025-04-29 20:06:34,106 [ERROR] \u26a0\ufe0f 잘못된 XML 응답 - route_id=234001714, 응답: <OpenAPI_ServiceResponse>
	<cmmMsgHeader>
		<errMsg>SERVICE ERROR</errMsg>
		<returnAuthMsg>LIMITED_
2025-04-29 20:06:34,107 [ERROR] \u26a0\ufe0f 잘못된 XML 응답 - route_id=234001736, 응답: <OpenAPI_ServiceResponse>
	<cmmMsgHeader>
		<errMsg>SERVICE ERROR</errMsg>
		<returnAuthMsg>LIMITED_
2025-04-29 20:06:34,107 [ERROR] \u26a0\ufe0f 잘못된 XML 응답 - route_id=234001738, 응답: <OpenAPI_ServiceResponse>
	<cmmMsgHeader>
		<errMsg>SERVICE ERROR</errMsg>
		<returnAuthMsg>LIMITED_
2025-04-29 20:06:34,107 [ERROR] \u26a0\ufe0f 잘못된 XML 응답 - route_id=234001730, 응답: <OpenAPI_ServiceResponse>
	<cmmMsgHeader>
		<errMsg>SERVICE ERROR</errMsg>
		<returnAuthMsg>LIMITED_
2025-04-29 20:06:34,107 [ERROR] \u26a0\ufe0f 잘못된 XML 응답 - route_id=234001716, 응답: <OpenAPI_ServiceResponse>
	<cmmMsgHeader>
		<errMsg>SERVICE ERROR</errMsg>
		<returnAuthMsg>LIMITED_
2025-04-29 20:06:34,108 [ERROR] \u26a0\ufe0f 잘못된 XML 응답 - route_id=234001743, 응답: <OpenAPI_ServiceResponse>
	<cmmMsgHeader>
		<errMsg>SERVICE ERROR</errMsg>
		<returnAuthMsg>LIMITED_
2025-04-29 20:06:34,108 [ERROR] \u26a0\ufe0f 잘못된 XML 응답 - route_id=234001741, 응답: <OpenAPI_ServiceResponse>
	<cmmMsgHeader>
		<errMsg>SERVICE ERROR</errMsg>
		<returnAuthMsg>LIMITED_
2025-04-29 20:06:34,110 [ERROR] \u26a0\ufe0f 잘못된 XML 응답 - route_id=234001729, 응답: <OpenAPI_ServiceResponse>
	<cmmMsgHeader>
		<errMsg>SERVICE ERROR</errMsg>
		<returnAuthMsg>LIMITED_
2025-04-29 20:06:34,110 [ERROR] \u26a0\ufe0f 잘못된 XML 응답 - route_id=234001737, 응답: <OpenAPI_ServiceResponse>
	<cmmMsgHeader>
		<errMsg>SERVICE ERROR</errMsg>
		<returnAuthMsg>LIMITED_
2025-04-29 20:06:34,114 [ERROR] \u26a0\ufe0f 잘못된 XML 응답 - route_id=234001697, 응답: <OpenAPI_ServiceResponse>
	<cmmMsgHeader>
		<errMsg>SERVICE ERROR</errMsg>
		<returnAuthMsg>LIMITED_
2025-04-29 20:06:34,114 [ERROR] \u26a0\ufe0f 잘못된 XML 응답 - route_id=234001742, 응답: <OpenAPI_ServiceResponse>
	<cmmMsgHeader>
		<errMsg>SERVICE ERROR</errMsg>
		<returnAuthMsg>LIMITED_
2025-04-29 20:06:34,114 [ERROR] \u26a0\ufe0f 잘못된 XML 응답 - route_id=234001740, 응답: <OpenAPI_ServiceResponse>
	<cmmMsgHeader>
		<errMsg>SERVICE ERROR</errMsg>
		<returnAuthMsg>LIMITED_
2025-04-29 20:06:34,114 [ERROR] \u26a0\ufe0f 잘못된 XML 응답 - route_id=234001739, 응답: <OpenAPI_ServiceResponse>
	<cmmMsgHeader>
		<errMsg>SERVICE ERROR</errMsg>
		<returnAuthMsg>LIMITED_
2025-04-29 20:06:34,115 [ERROR] \u26a0\ufe0f 잘못된 XML 응답 - route_id=234001745, 응답: <OpenAPI_ServiceResponse>
	<cmmMsgHeader>
		<errMsg>SERVICE ERROR</errMsg>
		<returnAuthMsg>LIMITED_
2025-04-29 20:06:34,115 [ERROR] \u26a0\ufe0f 잘못된 XML 응답 - route_id=235000092, 응답: <OpenAPI_ServiceResponse>
	<cmmMsgHeader>
		<errMsg>SERVICE ERROR</errMsg>
		<returnAuthMsg>LIMITED_
2025-04-29 20:06:34,115 [ERROR] \u26a0\ufe0f 잘못된 XML 응답 - route_id=234001709, 응답: <OpenAPI_ServiceResponse>
	<cmmMsgHeader>
		<errMsg>SERVICE ERROR</errMsg>
		<returnAuthMsg>LIMITED_
2025-04-29 20:06:34,116 [ERROR] \u26a0\ufe0f 잘못된 XML 응답 - route_id=235000103, 응답: <OpenAPI_ServiceResponse>
	<cmmMsgHeader>
		<errMsg>SERVICE ERROR</errMsg>
		<returnAuthMsg>LIMITED_
2025-04-29 20:06:34,116 [ERROR] \u26a0\ufe0f 잘못된 XML 응답 - route_id=234001711, 응답: <OpenAPI_ServiceResponse>
	<cmmMsgHeader>
		<errMsg>SERVICE ERROR</errMsg>
		<returnAuthMsg>LIMITED_
2025-04-29 20:06:34,116 [ERROR] \u26a0\ufe0f 잘못된 XML 응답 - route_id=234001710, 응답: <OpenAPI_ServiceResponse>
	<cmmMsgHeader>
		<errMsg>SERVICE ERROR</errMsg>
		<returnAuthMsg>LIMITED_
2025-04-29 20:06:34,116 [ERROR] \u26a0\ufe0f 잘못된 XML 응답 - route_id=235000085, 응답: <OpenAPI_ServiceResponse>
	<cmmMsgHeader>
		<errMsg>SERVICE ERROR</errMsg>
		<returnAuthMsg>LIMITED_
2025-04-29 20:06:34,116 [ERROR] \u26a0\ufe0f 잘못된 XML 응답 - route_id=235000104, 응답: <OpenAPI_ServiceResponse>
	<cmmMsgHeader>
		<errMsg>SERVICE ERROR</errMsg>
		<returnAuthMsg>LIMITED_
2025-04-29 20:06:34,116 [ERROR] \u26a0\ufe0f 잘못된 XML 응답 - route_id=235000118, 응답: <OpenAPI_ServiceResponse>
	<cmmMsgHeader>
		<errMsg>SERVICE ERROR</errMsg>
		<returnAuthMsg>LIMITED_
2025-04-29 20:06:34,117 [ERROR] \u26a0\ufe0f 잘못된 XML 응답 - route_id=235000116, 응답: <OpenAPI_ServiceResponse>
	<cmmMsgHeader>
		<errMsg>SERVICE ERROR</errMsg>
		<returnAuthMsg>LIMITED_
2025-04-29 20:06:34,117 [ERROR] \u26a0\ufe0f 잘못된 XML 응답 - route_id=235000115, 응답: <OpenAPI_ServiceResponse>
	<cmmMsgHeader>
		<errMsg>SERVICE ERROR</errMsg>
		<returnAuthMsg>LIMITED_
2025-04-29 20:06:34,117 [ERROR] \u26a0\ufe0f 잘못된 XML 응답 - route_id=235000120, 응답: <OpenAPI_ServiceResponse>
	<cmmMsgHeader>
		<errMsg>SERVICE ERROR</errMsg>
		<returnAuthMsg>LIMITED_
2025-04-29 20:06:34,117 [ERROR] \u26a0\ufe0f 잘못된 XML 응답 - route_id=235000123, 응답: <OpenAPI_ServiceResponse>
	<cmmMsgHeader>
		<errMsg>SERVICE ERROR</errMsg>
		<returnAuthMsg>LIMITED_
2025-04-29 20:06:34,118 [ERROR] \u26a0\ufe0f 잘못된 XML 응답 - route_id=236000050, 응답: <OpenAPI_ServiceResponse>
	<cmmMsgHeader>
		<errMsg>SERVICE ERROR</errMsg>
		<returnAuthMsg>LIMITED_
2025-04-29 20:06:34,118 [ERROR] \u26a0\ufe0f 잘못된 XML 응답 - route_id=236000063, 응답: <OpenAPI_ServiceResponse>
	<cmmMsgHeader>
		<errMsg>SERVICE ERROR</errMsg>
		<returnAuthMsg>LIMITED_
2025-04-29 20:06:34,118 [ERROR] \u26a0\ufe0f 잘못된 XML 응답 - route_id=236000176, 응답: <OpenAPI_ServiceResponse>
	<cmmMsgHeader>
		<errMsg>SERVICE ERROR</errMsg>
		<returnAuthMsg>LIMITED_
2025-04-29 20:06:34,119 [ERROR] \u26a0\ufe0f 잘못된 XML 응답 - route_id=236000190, 응답: <OpenAPI_ServiceResponse>
	<cmmMsgHeader>
		<errMsg>SERVICE ERROR</errMsg>
		<returnAuthMsg>LIMITED_
2025-04-29 20:06:34,119 [ERROR] \u26a0\ufe0f 잘못된 XML 응답 - route_id=236000222, 응답: <OpenAPI_ServiceResponse>
	<cmmMsgHeader>
		<errMsg>SERVICE ERROR</errMsg>
		<returnAuthMsg>LIMITED_
2025-04-29 20:06:34,119 [ERROR] \u26a0\ufe0f 잘못된 XML 응답 - route_id=236000234, 응답: <OpenAPI_ServiceResponse>
	<cmmMsgHeader>
		<errMsg>SERVICE ERROR</errMsg>
		<returnAuthMsg>LIMITED_
2025-04-29 20:06:34,119 [ERROR] \u26a0\ufe0f 잘못된 XML 응답 - route_id=236000149, 응답: <OpenAPI_ServiceResponse>
	<cmmMsgHeader>
		<errMsg>SERVICE ERROR</errMsg>
		<returnAuthMsg>LIMITED_
2025-04-29 20:06:34,119 [ERROR] \u26a0\ufe0f 잘못된 XML 응답 - route_id=236000237, 응답: <OpenAPI_ServiceResponse>
	<cmmMsgHeader>
		<errMsg>SERVICE ERROR</errMsg>
		<returnAuthMsg>LIMITED_
2025-04-29 20:06:34,120 [ERROR] \u26a0\ufe0f 잘못된 XML 응답 - route_id=239000139, 응답: <OpenAPI_ServiceResponse>
	<cmmMsgHeader>
		<errMsg>SERVICE ERROR</errMsg>
		<returnAuthMsg>LIMITED_
2025-04-29 20:06:34,120 [ERROR] \u26a0\ufe0f 잘못된 XML 응답 - route_id=239000135, 응답: <OpenAPI_ServiceResponse>
	<cmmMsgHeader>
		<errMsg>SERVICE ERROR</errMsg>
		<returnAuthMsg>LIMITED_
2025-04-29 20:06:34,120 [ERROR] \u26a0\ufe0f 잘못된 XML 응답 - route_id=239000141, 응답: <OpenAPI_ServiceResponse>
	<cmmMsgHeader>
		<errMsg>SERVICE ERROR</errMsg>
		<returnAuthMsg>LIMITED_
2025-04-29 20:06:34,120 [ERROR] \u26a0\ufe0f 잘못된 XML 응답 - route_id=239000110, 응답: <OpenAPI_ServiceResponse>
	<cmmMsgHeader>
		<errMsg>SERVICE ERROR</errMsg>
		<returnAuthMsg>LIMITED_
2025-04-29 20:06:34,121 [ERROR] \u26a0\ufe0f 잘못된 XML 응답 - route_id=239000140, 응답: <OpenAPI_ServiceResponse>
	<cmmMsgHeader>
		<errMsg>SERVICE ERROR</errMsg>
		<returnAuthMsg>LIMITED_
2025-04-29 20:06:34,121 [ERROR] \u26a0\ufe0f 잘못된 XML 응답 - route_id=240000174, 응답: <OpenAPI_ServiceResponse>
	<cmmMsgHeader>
		<errMsg>SERVICE ERROR</errMsg>
		<returnAuthMsg>LIMITED_
2025-04-29 20:06:34,121 [ERROR] \u26a0\ufe0f 잘못된 XML 응답 - route_id=239000104, 응답: <OpenAPI_ServiceResponse>
	<cmmMsgHeader>
		<errMsg>SERVICE ERROR</errMsg>
		<returnAuthMsg>LIMITED_
2025-04-29 20:06:34,140 [ERROR] \u26a0\ufe0f 잘못된 XML 응답 - route_id=200000290, 응답: {"response":{"comMsgHeader":"","msgHeader":{"queryTime":"2025-04-29 20:06:38.116","resultCode":4,"re
2025-04-29 20:06:34,300 [ERROR] \u26a0\ufe0f 잘못된 XML 응답 - route_id=200000286, 응답: {"response":{"comMsgHeader":"","msgHeader":{"queryTime":"2025-04-29 20:06:38.256","resultCode":4,"re
2025-04-29 20:06:34,451 [ERROR] \u26a0\ufe0f 잘못된 XML 응답 - route_id=200000285, 응답: {"response":{"comMsgHeader":""}}
2025-04-29 20:06:34,607 [ERROR] \u26a0\ufe0f 잘못된 XML 응답 - route_id=200000296, 응답: {"response":{"comMsgHeader":"","msgHeader":{"queryTime":"2025-04-29 20:06:38.569","resultCode":4,"re
2025-04-29 20:06:34,607 [ERROR] \u26a0\ufe0f 잘못된 XML 응답 - route_id=200000326, 응답: {"response":{"comMsgHeader":""}}
2025-04-29 20:06:34,678 [ERROR] \u26a0\ufe0f 잘못된 XML 응답 - route_id=222000178, 응답: {"response":{"comMsgHeader":"","msgHeader":{"queryTime":"2025-04-29 20:06:38.647","resultCode":4,"re
2025-04-29 20:06:34,728 [ERROR] \u26a0\ufe0f 잘못된 XML 응답 - route_id=200000293, 응답: {"response":{"comMsgHeader":"","msgHeader":{"queryTime":"2025-04-29 20:06:38.694","resultCode":4,"re
2025-04-29 20:06:34,729 [ERROR] \u26a0\ufe0f 잘못된 XML 응답 - route_id=200000284, 응답: {"response":{"comMsgHeader":""}}
2025-04-29 20:06:34,729 [ERROR] \u26a0\ufe0f 잘못된 XML 응답 - route_id=204000179, 응답: {"response":{"comMsgHeader":""}}
2025-04-29 20:06:34,747 [ERROR] \u26a0\ufe0f 잘못된 XML 응답 - route_id=228000423, 응답: {"response":{"comMsgHeader":"","msgHeader":{"queryTime":"2025-04-29 20:06:38.725","resultCode":4,"re
2025-04-29 20:06:34,761 [ERROR] \u26a0\ufe0f 잘못된 XML 응답 - route_id=228000418, 응답: {"response":{"comMsgHeader":"","msgHeader":{"queryTime":"2025-04-29 20:06:38.725","resultCode":4,"re
2025-04-29 20:06:34,838 [ERROR] \u26a0\ufe0f 잘못된 XML 응답 - route_id=233000397, 응답: {"response":{"comMsgHeader":"","msgHeader":{"queryTime":"2025-04-29 20:06:38.803","resultCode":4,"re
2025-04-29 20:06:34,843 [ERROR] \u26a0\ufe0f 잘못된 XML 응답 - route_id=233000375, 응답: {"response":{"comMsgHeader":"","msgHeader":{"queryTime":"2025-04-29 20:06:38.803","resultCode":4,"re
2025-04-29 20:06:34,940 [ERROR] Unexpected busLocationList type for route_id 216000070: <class 'collections.OrderedDict'>
2025-04-29 20:06:34,952 [ERROR] \u26a0\ufe0f 잘못된 XML 응답 - route_id=200000289, 응답: {"response":{"comMsgHeader":"","msgHeader":{"queryTime":"2025-04-29 20:06:38.928","resultCode":4,"re
2025-04-29 20:06:35,028 [ERROR] Unexpected busLocationList type for route_id 200000262: <class 'collections.OrderedDict'>
2025-04-29 20:06:35,481 [INFO] \u2705 수집 성공 - 키: zImMof4FVwmOLc0XpFTnH1mlG%2Bqoa%2BHNiAIiI%2FLfC%2BHfd2OEU%2F5oQFoL90JC%2Fm1ST%2BLJQCdWP9%2FoP2g%2F0SL1Tw%3D%3D, 노선 수: 399, 저장 건수: 268
2025-04-29 20:06:35,485 [INFO] \U0001f552 총 수집 소요 시간: 2.37초

2025-04-29 20:06:47,944 [ERROR] Unclosed client session
client_session: <aiohttp.client.ClientSession object at 0x0000017DA3CA5550>
2025-04-29 20:06:47,946 [ERROR] Unclosed connector
connections: ['deque([(<aiohttp.client_proto.ResponseHandler object at 0x0000017DA4292D50>, 706181.8875337), (<aiohttp.client_proto.ResponseHandler object at 0x0000017DA4292810>, 706181.8878001), (<aiohttp.client_proto.ResponseHandler object at 0x0000017DA4290710>, 706181.8879853), (<aiohttp.client_proto.ResponseHandler object at 0x0000017DA42907D0>, 706181.8881401), (<aiohttp.client_proto.ResponseHandler object at 0x0000017DA4273DD0>, 706181.8882836), (<aiohttp.client_proto.ResponseHandler object at 0x0000017DA4293050>, 706181.88842), (<aiohttp.client_proto.ResponseHandler object at 0x0000017DA42904D0>, 706181.8885623), (<aiohttp.client_proto.ResponseHandler object at 0x0000017DA42925D0>, 706181.8887085), (<aiohttp.client_proto.ResponseHandler object at 0x0000017DA3E8F410>, 706181.8888521), (<aiohttp.client_proto.ResponseHandler object at 0x0000017DA4292210>, 706181.8889851), (<aiohttp.client_proto.ResponseHandler object at 0x0000017DA4292BD0>, 706181.889114), (<aiohttp.client_proto.ResponseHandler object at 0x0000017DA3E8F4D0>, 706181.8892432), (<aiohttp.client_proto.ResponseHandler object at 0x0000017DA3E8F710>, 706181.8893764), (<aiohttp.client_proto.ResponseHandler object at 0x0000017DA3E8FA10>, 706181.8895029), (<aiohttp.client_proto.ResponseHandler object at 0x0000017DA3E8F290>, 706181.8896308), (<aiohttp.client_proto.ResponseHandler object at 0x0000017DA4290B90>, 706181.8898042), (<aiohttp.client_proto.ResponseHandler object at 0x0000017DA4290650>, 706181.8899485), (<aiohttp.client_proto.ResponseHandler object at 0x0000017DA4292150>, 706181.8907938), (<aiohttp.client_proto.ResponseHandler object at 0x0000017DA3E8F7D0>, 706181.8910911), (<aiohttp.client_proto.ResponseHandler object at 0x0000017DA4292450>, 706181.8912646), (<aiohttp.client_proto.ResponseHandler object at 0x0000017DA3E8EF90>, 706181.8914043), (<aiohttp.client_proto.ResponseHandler object at 0x0000017DA4292C90>, 706181.8915412), (<aiohttp.client_proto.ResponseHandler object at 0x0000017DA42928D0>, 706181.891969), (<aiohttp.client_proto.ResponseHandler object at 0x0000017DA4292B10>, 706181.8921757), (<aiohttp.client_proto.ResponseHandler object at 0x0000017DA4272390>, 706181.8923218), (<aiohttp.client_proto.ResponseHandler object at 0x0000017DA3E8EED0>, 706181.8924601), (<aiohttp.client_proto.ResponseHandler object at 0x0000017DA3E8F890>, 706181.8942232), (<aiohttp.client_proto.ResponseHandler object at 0x0000017DA4293110>, 706181.8946662), (<aiohttp.client_proto.ResponseHandler object at 0x0000017DA4290590>, 706181.8985367), (<aiohttp.client_proto.ResponseHandler object at 0x0000017DA4273D10>, 706181.8989097), (<aiohttp.client_proto.ResponseHandler object at 0x0000017DA4273C50>, 706181.8991237), (<aiohttp.client_proto.ResponseHandler object at 0x0000017DA4290A10>, 706181.8992848), (<aiohttp.client_proto.ResponseHandler object at 0x0000017DA4273950>, 706181.8994273), (<aiohttp.client_proto.ResponseHandler object at 0x0000017DA4292390>, 706181.89957), (<aiohttp.client_proto.ResponseHandler object at 0x0000017DA4290890>, 706181.9002611), (<aiohttp.client_proto.ResponseHandler object at 0x0000017DA4273A10>, 706181.9004924), (<aiohttp.client_proto.ResponseHandler object at 0x0000017DA4290290>, 706181.9006494), (<aiohttp.client_proto.ResponseHandler object at 0x0000017DA3E8FBF0>, 706181.9007906), (<aiohttp.client_proto.ResponseHandler object at 0x0000017DA4290350>, 706181.9009251), (<aiohttp.client_proto.ResponseHandler object at 0x0000017DA42704D0>, 706181.9010537), (<aiohttp.client_proto.ResponseHandler object at 0x0000017DA4272150>, 706181.901188), (<aiohttp.client_proto.ResponseHandler object at 0x0000017DA4292E10>, 706181.9013174), (<aiohttp.client_proto.ResponseHandler object at 0x0000017DA42901D0>, 706181.9014423), (<aiohttp.client_proto.ResponseHandler object at 0x0000017DA4292090>, 706181.901567), (<aiohttp.client_proto.ResponseHandler object at 0x0000017DA3E8F350>, 706181.9017869), (<aiohttp.client_proto.ResponseHandler object at 0x0000017DA4290110>, 706181.9026508), (<aiohttp.client_proto.ResponseHandler object at 0x0000017DA4292F90>, 706181.902968), (<aiohttp.client_proto.ResponseHandler object at 0x0000017DA3DC4350>, 706181.9031941), (<aiohttp.client_proto.ResponseHandler object at 0x0000017DA4290AD0>, 706181.9033961), (<aiohttp.client_proto.ResponseHandler object at 0x0000017DA4292990>, 706181.9036686), (<aiohttp.client_proto.ResponseHandler object at 0x0000017DA3E8F590>, 706181.9038684), (<aiohttp.client_proto.ResponseHandler object at 0x0000017DA3DC4410>, 706181.9040147), (<aiohttp.client_proto.ResponseHandler object at 0x0000017DA4290950>, 706181.9041538), (<aiohttp.client_proto.ResponseHandler object at 0x0000017DA4273E90>, 706181.9047089), (<aiohttp.client_proto.ResponseHandler object at 0x0000017DA3E8F650>, 706181.9049177), (<aiohttp.client_proto.ResponseHandler object at 0x0000017DA4273890>, 706181.905058), (<aiohttp.client_proto.ResponseHandler object at 0x0000017DA42922D0>, 706181.9051893), (<aiohttp.client_proto.ResponseHandler object at 0x0000017DA4270AD0>, 706181.9053177), (<aiohttp.client_proto.ResponseHandler object at 0x0000017DA4292510>, 706181.905443), (<aiohttp.client_proto.ResponseHandler object at 0x0000017DA4292ED0>, 706181.9055676), (<aiohttp.client_proto.ResponseHandler object at 0x0000017DA4270650>, 706181.9218432), (<aiohttp.client_proto.ResponseHandler object at 0x0000017DA4271550>, 706181.9245201), (<aiohttp.client_proto.ResponseHandler object at 0x0000017DA4270590>, 706182.0076367), (<aiohttp.client_proto.ResponseHandler object at 0x0000017DA4271310>, 706182.0084996), (<aiohttp.client_proto.ResponseHandler object at 0x0000017DA4271610>, 706182.0845512), (<aiohttp.client_proto.ResponseHandler object at 0x0000017DA4270890>, 706182.0851631), (<aiohttp.client_proto.ResponseHandler object at 0x0000017DA4271490>, 706182.1518962), (<aiohttp.client_proto.ResponseHandler object at 0x0000017DA4271C10>, 706182.1576409), (<aiohttp.client_proto.ResponseHandler object at 0x0000017DA42719D0>, 706182.2360386), (<aiohttp.client_proto.ResponseHandler object at 0x0000017DA4271D90>, 706182.2366275), (<aiohttp.client_proto.ResponseHandler object at 0x0000017DA4272A50>, 706182.3125473), (<aiohttp.client_proto.ResponseHandler object at 0x0000017DA4271B50>, 706182.3180525), (<aiohttp.client_proto.ResponseHandler object at 0x0000017DA4273B90>, 706182.3912462), (<aiohttp.client_proto.ResponseHandler object at 0x0000017DA4290050>, 706182.3918883), (<aiohttp.client_proto.ResponseHandler object at 0x0000017DA42707D0>, 706182.43245), (<aiohttp.client_proto.ResponseHandler object at 0x0000017DA4273F50>, 706182.4626535), (<aiohttp.client_proto.ResponseHandler object at 0x0000017DA42722D0>, 706182.4911368), (<aiohttp.client_proto.ResponseHandler object at 0x0000017DA3E8F950>, 706182.4917732), (<aiohttp.client_proto.ResponseHandler object at 0x0000017DA4271250>, 706182.4925856), (<aiohttp.client_proto.ResponseHandler object at 0x0000017DA4271F10>, 706182.4934567), (<aiohttp.client_proto.ResponseHandler object at 0x0000017DA42713D0>, 706182.5131084), (<aiohttp.client_proto.ResponseHandler object at 0x0000017DA4270A10>, 706182.5136657), (<aiohttp.client_proto.ResponseHandler object at 0x0000017DA4270710>, 706182.514022), (<aiohttp.client_proto.ResponseHandler object at 0x0000017DA4271A90>, 706182.5206306), (<aiohttp.client_proto.ResponseHandler object at 0x0000017DA42716D0>, 706182.523923), (<aiohttp.client_proto.ResponseHandler object at 0x0000017DA4270950>, 706182.5246878), (<aiohttp.client_proto.ResponseHandler object at 0x0000017DA4292690>, 706182.5315105), (<aiohttp.client_proto.ResponseHandler object at 0x0000017DA42737D0>, 706182.5457322), (<aiohttp.client_proto.ResponseHandler object at 0x0000017DA4272210>, 706182.5682493), (<aiohttp.client_proto.ResponseHandler object at 0x0000017DA4272090>, 706182.5842538), (<aiohttp.client_proto.ResponseHandler object at 0x0000017DA4292750>, 706182.6226045), (<aiohttp.client_proto.ResponseHandler object at 0x0000017DA4292A50>, 706182.6274256), (<aiohttp.client_proto.ResponseHandler object at 0x0000017DA4271790>, 706182.6480254), (<aiohttp.client_proto.ResponseHandler object at 0x0000017DA4271CD0>, 706182.6609491), (<aiohttp.client_proto.ResponseHandler object at 0x0000017DA4271FD0>, 706182.7247147), (<aiohttp.client_proto.ResponseHandler object at 0x0000017DA4271910>, 706182.7363619), (<aiohttp.client_proto.ResponseHandler object at 0x0000017DA4271850>, 706182.7993707), (<aiohttp.client_proto.ResponseHandler object at 0x0000017DA4271E50>, 706182.8123834), (<aiohttp.client_proto.ResponseHandler object at 0x0000017DA4290410>, 706182.8923144), (<aiohttp.client_proto.ResponseHandler object at 0x0000017DA4273AD0>, 706182.9752177)])']
connector: <aiohttp.connector.TCPConnector object at 0x0000017DA3CA56A0>
2025-04-29 20:07:17,061 [INFO] \u2705 수집 성공 - 키: zImMof4FVwmOLc0XpFTnH1mlG%2Bqoa%2BHNiAIiI%2FLfC%2BHfd2OEU%2F5oQFoL90JC%2Fm1ST%2BLJQCdWP9%2FoP2g%2F0SL1Tw%3D%3D, 노선 수: 4, 저장 건수: 68
2025-04-29 20:07:17,064 [INFO] \U0001f552 총 수집 소요 시간: 0.63초

2025-04-29 20:07:21,224 [ERROR] Unclosed client session
client_session: <aiohttp.client.ClientSession object at 0x000001D56CF316A0>
2025-04-29 20:07:21,226 [ERROR] Unclosed connector
connections: ['deque([(<aiohttp.client_proto.ResponseHandler object at 0x000001D56D33DEB0>, 706224.58663), (<aiohttp.client_proto.ResponseHandler object at 0x000001D56D33E030>, 706224.595775), (<aiohttp.client_proto.ResponseHandler object at 0x000001D56D33DA30>, 706224.5971719), (<aiohttp.client_proto.ResponseHandler object at 0x000001D56D33E0F0>, 706224.6199395)])']
connector: <aiohttp.connector.TCPConnector object at 0x000001D56CF317F0>
